The system is: Linux - 2.6.32-642.3.1.el6.x86_64 - x86_64
Compiling the C compiler identification source file "CMakeCCompilerId.c" succeeded.
Compiler: /usr/bin/cc 
Build flags: 
Id flags: 

The output was:
0


Compilation of the C compiler identification source "CMakeCCompilerId.c" produced "a.out"

The C compiler identification is GNU, found in "/home/hspark/hspark/code/SIFT++/build/CMakeFiles/3.5.2/CompilerIdC/a.out"

Compiling the CXX compiler identification source file "CMakeCXXCompilerId.cpp" succeeded.
Compiler: /usr/bin/c++ 
Build flags: 
Id flags: 

The output was:
0


Compilation of the CXX compiler identification source "CMakeCXXCompilerId.cpp" produced "a.out"

The CXX compiler identification is GNU, found in "/home/hspark/hspark/code/SIFT++/build/CMakeFiles/3.5.2/CompilerIdCXX/a.out"

Determining if the C compiler works passed with the following output:
Change Dir: /home/hspark/hspark/code/SIFT++/build/CMakeFiles/CMakeTmp

Run Build Command:"/usr/bin/gmake" "cmTC_f13a0/fast"
/usr/bin/gmake -f CMakeFiles/cmTC_f13a0.dir/build.make CMakeFiles/cmTC_f13a0.dir/build
gmake[1]: Entering directory `/panfs/roc/groups/3/hspark/hspark/code/SIFT++/build/CMakeFiles/CMakeTmp'
Building C object CMakeFiles/cmTC_f13a0.dir/testCCompiler.c.o
/usr/bin/cc     -o CMakeFiles/cmTC_f13a0.dir/testCCompiler.c.o   -c /home/hspark/hspark/code/SIFT++/build/CMakeFiles/CMakeTmp/testCCompiler.c
Linking C executable cmTC_f13a0
/panfs/roc/itascasoft/cmake/3.5.2/bin/cmake -E cmake_link_script CMakeFiles/cmTC_f13a0.dir/link.txt --verbose=1
/usr/bin/cc       CMakeFiles/cmTC_f13a0.dir/testCCompiler.c.o  -o cmTC_f13a0 -rdynamic 
gmake[1]: Leaving directory `/panfs/roc/groups/3/hspark/hspark/code/SIFT++/build/CMakeFiles/CMakeTmp'


Detecting C compiler ABI info compiled with the following output:
Change Dir: /home/hspark/hspark/code/SIFT++/build/CMakeFiles/CMakeTmp

Run Build Command:"/usr/bin/gmake" "cmTC_493a9/fast"
/usr/bin/gmake -f CMakeFiles/cmTC_493a9.dir/build.make CMakeFiles/cmTC_493a9.dir/build
gmake[1]: Entering directory `/panfs/roc/groups/3/hspark/hspark/code/SIFT++/build/CMakeFiles/CMakeTmp'
Building C object CMakeFiles/cmTC_493a9.dir/CMakeCCompilerABI.c.o
/usr/bin/cc     -o CMakeFiles/cmTC_493a9.dir/CMakeCCompilerABI.c.o   -c /panfs/roc/itascasoft/cmake/3.5.2/share/cmake-3.5/Modules/CMakeCCompilerABI.c
Linking C executable cmTC_493a9
/panfs/roc/itascasoft/cmake/3.5.2/bin/cmake -E cmake_link_script CMakeFiles/cmTC_493a9.dir/link.txt --verbose=1
/usr/bin/cc      -v CMakeFiles/cmTC_493a9.dir/CMakeCCompilerABI.c.o  -o cmTC_493a9 -rdynamic  
Using built-in specs.
Target: x86_64-redhat-linux
Configured with: ../configure --prefix=/usr --mandir=/usr/share/man --infodir=/usr/share/info --with-bugurl=http://bugzilla.redhat.com/bugzilla --enable-bootstrap --enable-shared --enable-threads=posix --enable-checking=release --with-system-zlib --enable-__cxa_atexit --disable-libunwind-exceptions --enable-gnu-unique-object --enable-languages=c,c++,objc,obj-c++,java,fortran,ada --enable-java-awt=gtk --disable-dssi --with-java-home=/usr/lib/jvm/java-1.5.0-gcj-1.5.0.0/jre --enable-libgcj-multifile --enable-java-maintainer-mode --with-ecj-jar=/usr/share/java/eclipse-ecj.jar --disable-libjava-multilib --with-ppl --with-cloog --with-tune=generic --with-arch_32=i686 --build=x86_64-redhat-linux
Thread model: posix
gcc version 4.4.7 20120313 (Red Hat 4.4.7-17) (GCC) 
COMPILER_PATH=/usr/libexec/gcc/x86_64-redhat-linux/4.4.7/:/usr/libexec/gcc/x86_64-redhat-linux/4.4.7/:/usr/libexec/gcc/x86_64-redhat-linux/:/usr/lib/gcc/x86_64-redhat-linux/4.4.7/:/usr/lib/gcc/x86_64-redhat-linux/:/usr/libexec/gcc/x86_64-redhat-linux/4.4.7/:/usr/libexec/gcc/x86_64-redhat-linux/:/usr/lib/gcc/x86_64-redhat-linux/4.4.7/:/usr/lib/gcc/x86_64-redhat-linux/
LIBRARY_PATH=/panfs/roc/itascasoft/gcc/6.1.0/lib64/../lib64/:/usr/lib/gcc/x86_64-redhat-linux/4.4.7/:/usr/lib/gcc/x86_64-redhat-linux/4.4.7/:/usr/lib/gcc/x86_64-redhat-linux/4.4.7/../../../../lib64/:/lib/../lib64/:/usr/lib/../lib64/:/panfs/roc/itascasoft/glog/0.3.4_intel2016update3/lib/:/panfs/roc/intel/x86_64/2016/parallel_studio_xe_msi/compilers_and_libraries_2016.3.210/linux/ipp/lib/intel64/:/panfs/roc/intel/x86_64/2016/parallel_studio_xe_msi/compilers_and_libraries_2016.3.210/linux/compiler/lib/intel64/:/panfs/roc/intel/x86_64/2016/parallel_studio_xe_msi/compilers_and_libraries_2016.3.210/linux/mkl/lib/intel64/:/panfs/roc/intel/x86_64/2016/parallel_studio_xe_msi/compilers_and_libraries_2016.3.210/linux/tbb/lib/intel64/gcc4.4/:/panfs/roc/intel/x86_64/2016/parallel_studio_xe_msi/compilers_and_libraries_2016.3.210/linux/daal/lib/intel64_lin/:/panfs/roc/intel/x86_64/2016/parallel_studio_xe_msi/compilers_and_libraries_2016.3.210/linux/daal/../compiler/lib/intel64_lin/:/panfs/roc/itascasoft/opencv/3.1.0/lib/:/panfs/roc/itascasoft/gcc/6.1.0/lib64/:/panfs/roc/itascasoft/isl/0.16.1_gcc6.1.0/lib/:/panfs/roc/itascasoft/mpc/1.0.3_gcc6.1.0/lib/:/panfs/roc/itascasoft/mpfr/3.1.4-p1_gcc6.1.0/lib/:/panfs/roc/itascasoft/gmp/6.1.0_gcc6.1.0/lib/:/usr/lib/gcc/x86_64-redhat-linux/4.4.7/../../../:/lib/:/usr/lib/
COLLECT_GCC_OPTIONS='-v' '-o' 'cmTC_493a9' '-rdynamic' '-mtune=generic'
 /usr/libexec/gcc/x86_64-redhat-linux/4.4.7/collect2 --eh-frame-hdr --build-id -m elf_x86_64 --hash-style=gnu -export-dynamic -dynamic-linker /lib64/ld-linux-x86-64.so.2 -o cmTC_493a9 /usr/lib/gcc/x86_64-redhat-linux/4.4.7/../../../../lib64/crt1.o /usr/lib/gcc/x86_64-redhat-linux/4.4.7/../../../../lib64/crti.o /usr/lib/gcc/x86_64-redhat-linux/4.4.7/crtbegin.o -L/panfs/roc/itascasoft/gcc/6.1.0/lib64/../lib64 -L/usr/lib/gcc/x86_64-redhat-linux/4.4.7 -L/usr/lib/gcc/x86_64-redhat-linux/4.4.7 -L/usr/lib/gcc/x86_64-redhat-linux/4.4.7/../../../../lib64 -L/lib/../lib64 -L/usr/lib/../lib64 -L/panfs/roc/itascasoft/glog/0.3.4_intel2016update3/lib -L/panfs/roc/intel/x86_64/2016/parallel_studio_xe_msi/compilers_and_libraries_2016.3.210/linux/ipp/lib/intel64 -L/panfs/roc/intel/x86_64/2016/parallel_studio_xe_msi/compilers_and_libraries_2016.3.210/linux/compiler/lib/intel64 -L/panfs/roc/intel/x86_64/2016/parallel_studio_xe_msi/compilers_and_libraries_2016.3.210/linux/mkl/lib/intel64 -L/panfs/roc/intel/x86_64/2016/parallel_studio_xe_msi/compilers_and_libraries_2016.3.210/linux/tbb/lib/intel64/gcc4.4 -L/panfs/roc/intel/x86_64/2016/parallel_studio_xe_msi/compilers_and_libraries_2016.3.210/linux/daal/lib/intel64_lin -L/panfs/roc/intel/x86_64/2016/parallel_studio_xe_msi/compilers_and_libraries_2016.3.210/linux/daal/../compiler/lib/intel64_lin -L/panfs/roc/itascasoft/opencv/3.1.0/lib -L/panfs/roc/itascasoft/gcc/6.1.0/lib64 -L/panfs/roc/itascasoft/isl/0.16.1_gcc6.1.0/lib -L/panfs/roc/itascasoft/mpc/1.0.3_gcc6.1.0/lib -L/panfs/roc/itascasoft/mpfr/3.1.4-p1_gcc6.1.0/lib -L/panfs/roc/itascasoft/gmp/6.1.0_gcc6.1.0/lib -L/usr/lib/gcc/x86_64-redhat-linux/4.4.7/../../.. CMakeFiles/cmTC_493a9.dir/CMakeCCompilerABI.c.o -lgcc --as-needed -lgcc_s --no-as-needed -lc -lgcc --as-needed -lgcc_s --no-as-needed /usr/lib/gcc/x86_64-redhat-linux/4.4.7/crtend.o /usr/lib/gcc/x86_64-redhat-linux/4.4.7/../../../../lib64/crtn.o
gmake[1]: Leaving directory `/panfs/roc/groups/3/hspark/hspark/code/SIFT++/build/CMakeFiles/CMakeTmp'


Parsed C implicit link information from above output:
  link line regex: [^( *|.*[/\])(ld|([^/\]+-)?ld|collect2)[^/\]*( |$)]
  ignore line: [Change Dir: /home/hspark/hspark/code/SIFT++/build/CMakeFiles/CMakeTmp]
  ignore line: []
  ignore line: [Run Build Command:"/usr/bin/gmake" "cmTC_493a9/fast"]
  ignore line: [/usr/bin/gmake -f CMakeFiles/cmTC_493a9.dir/build.make CMakeFiles/cmTC_493a9.dir/build]
  ignore line: [gmake[1]: Entering directory `/panfs/roc/groups/3/hspark/hspark/code/SIFT++/build/CMakeFiles/CMakeTmp']
  ignore line: [Building C object CMakeFiles/cmTC_493a9.dir/CMakeCCompilerABI.c.o]
  ignore line: [/usr/bin/cc     -o CMakeFiles/cmTC_493a9.dir/CMakeCCompilerABI.c.o   -c /panfs/roc/itascasoft/cmake/3.5.2/share/cmake-3.5/Modules/CMakeCCompilerABI.c]
  ignore line: [Linking C executable cmTC_493a9]
  ignore line: [/panfs/roc/itascasoft/cmake/3.5.2/bin/cmake -E cmake_link_script CMakeFiles/cmTC_493a9.dir/link.txt --verbose=1]
  ignore line: [/usr/bin/cc      -v CMakeFiles/cmTC_493a9.dir/CMakeCCompilerABI.c.o  -o cmTC_493a9 -rdynamic  ]
  ignore line: [Using built-in specs.]
  ignore line: [Target: x86_64-redhat-linux]
  ignore line: [Configured with: ../configure --prefix=/usr --mandir=/usr/share/man --infodir=/usr/share/info --with-bugurl=http://bugzilla.redhat.com/bugzilla --enable-bootstrap --enable-shared --enable-threads=posix --enable-checking=release --with-system-zlib --enable-__cxa_atexit --disable-libunwind-exceptions --enable-gnu-unique-object --enable-languages=c,c++,objc,obj-c++,java,fortran,ada --enable-java-awt=gtk --disable-dssi --with-java-home=/usr/lib/jvm/java-1.5.0-gcj-1.5.0.0/jre --enable-libgcj-multifile --enable-java-maintainer-mode --with-ecj-jar=/usr/share/java/eclipse-ecj.jar --disable-libjava-multilib --with-ppl --with-cloog --with-tune=generic --with-arch_32=i686 --build=x86_64-redhat-linux]
  ignore line: [Thread model: posix]
  ignore line: [gcc version 4.4.7 20120313 (Red Hat 4.4.7-17) (GCC) ]
  ignore line: [COMPILER_PATH=/usr/libexec/gcc/x86_64-redhat-linux/4.4.7/:/usr/libexec/gcc/x86_64-redhat-linux/4.4.7/:/usr/libexec/gcc/x86_64-redhat-linux/:/usr/lib/gcc/x86_64-redhat-linux/4.4.7/:/usr/lib/gcc/x86_64-redhat-linux/:/usr/libexec/gcc/x86_64-redhat-linux/4.4.7/:/usr/libexec/gcc/x86_64-redhat-linux/:/usr/lib/gcc/x86_64-redhat-linux/4.4.7/:/usr/lib/gcc/x86_64-redhat-linux/]
  ignore line: [LIBRARY_PATH=/panfs/roc/itascasoft/gcc/6.1.0/lib64/../lib64/:/usr/lib/gcc/x86_64-redhat-linux/4.4.7/:/usr/lib/gcc/x86_64-redhat-linux/4.4.7/:/usr/lib/gcc/x86_64-redhat-linux/4.4.7/../../../../lib64/:/lib/../lib64/:/usr/lib/../lib64/:/panfs/roc/itascasoft/glog/0.3.4_intel2016update3/lib/:/panfs/roc/intel/x86_64/2016/parallel_studio_xe_msi/compilers_and_libraries_2016.3.210/linux/ipp/lib/intel64/:/panfs/roc/intel/x86_64/2016/parallel_studio_xe_msi/compilers_and_libraries_2016.3.210/linux/compiler/lib/intel64/:/panfs/roc/intel/x86_64/2016/parallel_studio_xe_msi/compilers_and_libraries_2016.3.210/linux/mkl/lib/intel64/:/panfs/roc/intel/x86_64/2016/parallel_studio_xe_msi/compilers_and_libraries_2016.3.210/linux/tbb/lib/intel64/gcc4.4/:/panfs/roc/intel/x86_64/2016/parallel_studio_xe_msi/compilers_and_libraries_2016.3.210/linux/daal/lib/intel64_lin/:/panfs/roc/intel/x86_64/2016/parallel_studio_xe_msi/compilers_and_libraries_2016.3.210/linux/daal/../compiler/lib/intel64_lin/:/panfs/roc/itascasoft/opencv/3.1.0/lib/:/panfs/roc/itascasoft/gcc/6.1.0/lib64/:/panfs/roc/itascasoft/isl/0.16.1_gcc6.1.0/lib/:/panfs/roc/itascasoft/mpc/1.0.3_gcc6.1.0/lib/:/panfs/roc/itascasoft/mpfr/3.1.4-p1_gcc6.1.0/lib/:/panfs/roc/itascasoft/gmp/6.1.0_gcc6.1.0/lib/:/usr/lib/gcc/x86_64-redhat-linux/4.4.7/../../../:/lib/:/usr/lib/]
  ignore line: [COLLECT_GCC_OPTIONS='-v' '-o' 'cmTC_493a9' '-rdynamic' '-mtune=generic']
  link line: [ /usr/libexec/gcc/x86_64-redhat-linux/4.4.7/collect2 --eh-frame-hdr --build-id -m elf_x86_64 --hash-style=gnu -export-dynamic -dynamic-linker /lib64/ld-linux-x86-64.so.2 -o cmTC_493a9 /usr/lib/gcc/x86_64-redhat-linux/4.4.7/../../../../lib64/crt1.o /usr/lib/gcc/x86_64-redhat-linux/4.4.7/../../../../lib64/crti.o /usr/lib/gcc/x86_64-redhat-linux/4.4.7/crtbegin.o -L/panfs/roc/itascasoft/gcc/6.1.0/lib64/../lib64 -L/usr/lib/gcc/x86_64-redhat-linux/4.4.7 -L/usr/lib/gcc/x86_64-redhat-linux/4.4.7 -L/usr/lib/gcc/x86_64-redhat-linux/4.4.7/../../../../lib64 -L/lib/../lib64 -L/usr/lib/../lib64 -L/panfs/roc/itascasoft/glog/0.3.4_intel2016update3/lib -L/panfs/roc/intel/x86_64/2016/parallel_studio_xe_msi/compilers_and_libraries_2016.3.210/linux/ipp/lib/intel64 -L/panfs/roc/intel/x86_64/2016/parallel_studio_xe_msi/compilers_and_libraries_2016.3.210/linux/compiler/lib/intel64 -L/panfs/roc/intel/x86_64/2016/parallel_studio_xe_msi/compilers_and_libraries_2016.3.210/linux/mkl/lib/intel64 -L/panfs/roc/intel/x86_64/2016/parallel_studio_xe_msi/compilers_and_libraries_2016.3.210/linux/tbb/lib/intel64/gcc4.4 -L/panfs/roc/intel/x86_64/2016/parallel_studio_xe_msi/compilers_and_libraries_2016.3.210/linux/daal/lib/intel64_lin -L/panfs/roc/intel/x86_64/2016/parallel_studio_xe_msi/compilers_and_libraries_2016.3.210/linux/daal/../compiler/lib/intel64_lin -L/panfs/roc/itascasoft/opencv/3.1.0/lib -L/panfs/roc/itascasoft/gcc/6.1.0/lib64 -L/panfs/roc/itascasoft/isl/0.16.1_gcc6.1.0/lib -L/panfs/roc/itascasoft/mpc/1.0.3_gcc6.1.0/lib -L/panfs/roc/itascasoft/mpfr/3.1.4-p1_gcc6.1.0/lib -L/panfs/roc/itascasoft/gmp/6.1.0_gcc6.1.0/lib -L/usr/lib/gcc/x86_64-redhat-linux/4.4.7/../../.. CMakeFiles/cmTC_493a9.dir/CMakeCCompilerABI.c.o -lgcc --as-needed -lgcc_s --no-as-needed -lc -lgcc --as-needed -lgcc_s --no-as-needed /usr/lib/gcc/x86_64-redhat-linux/4.4.7/crtend.o /usr/lib/gcc/x86_64-redhat-linux/4.4.7/../../../../lib64/crtn.o]
    arg [/usr/libexec/gcc/x86_64-redhat-linux/4.4.7/collect2] ==> ignore
    arg [--eh-frame-hdr] ==> ignore
    arg [--build-id] ==> ignore
    arg [-m] ==> ignore
    arg [elf_x86_64] ==> ignore
    arg [--hash-style=gnu] ==> ignore
    arg [-export-dynamic] ==> ignore
    arg [-dynamic-linker] ==> ignore
    arg [/lib64/ld-linux-x86-64.so.2] ==> ignore
    arg [-o] ==> ignore
    arg [cmTC_493a9] ==> ignore
    arg [/usr/lib/gcc/x86_64-redhat-linux/4.4.7/../../../../lib64/crt1.o] ==> ignore
    arg [/usr/lib/gcc/x86_64-redhat-linux/4.4.7/../../../../lib64/crti.o] ==> ignore
    arg [/usr/lib/gcc/x86_64-redhat-linux/4.4.7/crtbegin.o] ==> ignore
    arg [-L/panfs/roc/itascasoft/gcc/6.1.0/lib64/../lib64] ==> dir [/panfs/roc/itascasoft/gcc/6.1.0/lib64/../lib64]
    arg [-L/usr/lib/gcc/x86_64-redhat-linux/4.4.7] ==> dir [/usr/lib/gcc/x86_64-redhat-linux/4.4.7]
    arg [-L/usr/lib/gcc/x86_64-redhat-linux/4.4.7] ==> dir [/usr/lib/gcc/x86_64-redhat-linux/4.4.7]
    arg [-L/usr/lib/gcc/x86_64-redhat-linux/4.4.7/../../../../lib64] ==> dir [/usr/lib/gcc/x86_64-redhat-linux/4.4.7/../../../../lib64]
    arg [-L/lib/../lib64] ==> dir [/lib/../lib64]
    arg [-L/usr/lib/../lib64] ==> dir [/usr/lib/../lib64]
    arg [-L/panfs/roc/itascasoft/glog/0.3.4_intel2016update3/lib] ==> dir [/panfs/roc/itascasoft/glog/0.3.4_intel2016update3/lib]
    arg [-L/panfs/roc/intel/x86_64/2016/parallel_studio_xe_msi/compilers_and_libraries_2016.3.210/linux/ipp/lib/intel64] ==> dir [/panfs/roc/intel/x86_64/2016/parallel_studio_xe_msi/compilers_and_libraries_2016.3.210/linux/ipp/lib/intel64]
    arg [-L/panfs/roc/intel/x86_64/2016/parallel_studio_xe_msi/compilers_and_libraries_2016.3.210/linux/compiler/lib/intel64] ==> dir [/panfs/roc/intel/x86_64/2016/parallel_studio_xe_msi/compilers_and_libraries_2016.3.210/linux/compiler/lib/intel64]
    arg [-L/panfs/roc/intel/x86_64/2016/parallel_studio_xe_msi/compilers_and_libraries_2016.3.210/linux/mkl/lib/intel64] ==> dir [/panfs/roc/intel/x86_64/2016/parallel_studio_xe_msi/compilers_and_libraries_2016.3.210/linux/mkl/lib/intel64]
    arg [-L/panfs/roc/intel/x86_64/2016/parallel_studio_xe_msi/compilers_and_libraries_2016.3.210/linux/tbb/lib/intel64/gcc4.4] ==> dir [/panfs/roc/intel/x86_64/2016/parallel_studio_xe_msi/compilers_and_libraries_2016.3.210/linux/tbb/lib/intel64/gcc4.4]
    arg [-L/panfs/roc/intel/x86_64/2016/parallel_studio_xe_msi/compilers_and_libraries_2016.3.210/linux/daal/lib/intel64_lin] ==> dir [/panfs/roc/intel/x86_64/2016/parallel_studio_xe_msi/compilers_and_libraries_2016.3.210/linux/daal/lib/intel64_lin]
    arg [-L/panfs/roc/intel/x86_64/2016/parallel_studio_xe_msi/compilers_and_libraries_2016.3.210/linux/daal/../compiler/lib/intel64_lin] ==> dir [/panfs/roc/intel/x86_64/2016/parallel_studio_xe_msi/compilers_and_libraries_2016.3.210/linux/daal/../compiler/lib/intel64_lin]
    arg [-L/panfs/roc/itascasoft/opencv/3.1.0/lib] ==> dir [/panfs/roc/itascasoft/opencv/3.1.0/lib]
    arg [-L/panfs/roc/itascasoft/gcc/6.1.0/lib64] ==> dir [/panfs/roc/itascasoft/gcc/6.1.0/lib64]
    arg [-L/panfs/roc/itascasoft/isl/0.16.1_gcc6.1.0/lib] ==> dir [/panfs/roc/itascasoft/isl/0.16.1_gcc6.1.0/lib]
    arg [-L/panfs/roc/itascasoft/mpc/1.0.3_gcc6.1.0/lib] ==> dir [/panfs/roc/itascasoft/mpc/1.0.3_gcc6.1.0/lib]
    arg [-L/panfs/roc/itascasoft/mpfr/3.1.4-p1_gcc6.1.0/lib] ==> dir [/panfs/roc/itascasoft/mpfr/3.1.4-p1_gcc6.1.0/lib]
    arg [-L/panfs/roc/itascasoft/gmp/6.1.0_gcc6.1.0/lib] ==> dir [/panfs/roc/itascasoft/gmp/6.1.0_gcc6.1.0/lib]
    arg [-L/usr/lib/gcc/x86_64-redhat-linux/4.4.7/../../..] ==> dir [/usr/lib/gcc/x86_64-redhat-linux/4.4.7/../../..]
    arg [CMakeFiles/cmTC_493a9.dir/CMakeCCompilerABI.c.o] ==> ignore
    arg [-lgcc] ==> lib [gcc]
    arg [--as-needed] ==> ignore
    arg [-lgcc_s] ==> lib [gcc_s]
    arg [--no-as-needed] ==> ignore
    arg [-lc] ==> lib [c]
    arg [-lgcc] ==> lib [gcc]
    arg [--as-needed] ==> ignore
    arg [-lgcc_s] ==> lib [gcc_s]
    arg [--no-as-needed] ==> ignore
    arg [/usr/lib/gcc/x86_64-redhat-linux/4.4.7/crtend.o] ==> ignore
    arg [/usr/lib/gcc/x86_64-redhat-linux/4.4.7/../../../../lib64/crtn.o] ==> ignore
  remove lib [gcc]
  remove lib [gcc_s]
  remove lib [gcc]
  remove lib [gcc_s]
  collapse library dir [/panfs/roc/itascasoft/gcc/6.1.0/lib64/../lib64] ==> [/panfs/roc/itascasoft/gcc/6.1.0/lib64]
  collapse library dir [/usr/lib/gcc/x86_64-redhat-linux/4.4.7] ==> [/usr/lib/gcc/x86_64-redhat-linux/4.4.7]
  collapse library dir [/usr/lib/gcc/x86_64-redhat-linux/4.4.7] ==> [/usr/lib/gcc/x86_64-redhat-linux/4.4.7]
  collapse library dir [/usr/lib/gcc/x86_64-redhat-linux/4.4.7/../../../../lib64] ==> [/usr/lib64]
  collapse library dir [/lib/../lib64] ==> [/lib64]
  collapse library dir [/usr/lib/../lib64] ==> [/usr/lib64]
  collapse library dir [/panfs/roc/itascasoft/glog/0.3.4_intel2016update3/lib] ==> [/panfs/roc/itascasoft/glog/0.3.4_intel2016update3/lib]
  collapse library dir [/panfs/roc/intel/x86_64/2016/parallel_studio_xe_msi/compilers_and_libraries_2016.3.210/linux/ipp/lib/intel64] ==> [/panfs/roc/intel/x86_64/2016/parallel_studio_xe_msi/compilers_and_libraries_2016.3.210/linux/ipp/lib/intel64]
  collapse library dir [/panfs/roc/intel/x86_64/2016/parallel_studio_xe_msi/compilers_and_libraries_2016.3.210/linux/compiler/lib/intel64] ==> [/panfs/roc/intel/x86_64/2016/parallel_studio_xe_msi/compilers_and_libraries_2016.3.210/linux/compiler/lib/intel64]
  collapse library dir [/panfs/roc/intel/x86_64/2016/parallel_studio_xe_msi/compilers_and_libraries_2016.3.210/linux/mkl/lib/intel64] ==> [/panfs/roc/intel/x86_64/2016/parallel_studio_xe_msi/compilers_and_libraries_2016.3.210/linux/mkl/lib/intel64]
  collapse library dir [/panfs/roc/intel/x86_64/2016/parallel_studio_xe_msi/compilers_and_libraries_2016.3.210/linux/tbb/lib/intel64/gcc4.4] ==> [/panfs/roc/intel/x86_64/2016/parallel_studio_xe_msi/compilers_and_libraries_2016.3.210/linux/tbb/lib/intel64/gcc4.4]
  collapse library dir [/panfs/roc/intel/x86_64/2016/parallel_studio_xe_msi/compilers_and_libraries_2016.3.210/linux/daal/lib/intel64_lin] ==> [/panfs/roc/intel/x86_64/2016/parallel_studio_xe_msi/compilers_and_libraries_2016.3.210/linux/daal/lib/intel64_lin]
  collapse library dir [/panfs/roc/intel/x86_64/2016/parallel_studio_xe_msi/compilers_and_libraries_2016.3.210/linux/daal/../compiler/lib/intel64_lin] ==> [/panfs/roc/intel/x86_64/2016/parallel_studio_xe_msi/compilers_and_libraries_2016.3.210/linux/compiler/lib/intel64_lin]
  collapse library dir [/panfs/roc/itascasoft/opencv/3.1.0/lib] ==> [/panfs/roc/itascasoft/opencv/3.1.0/lib]
  collapse library dir [/panfs/roc/itascasoft/gcc/6.1.0/lib64] ==> [/panfs/roc/itascasoft/gcc/6.1.0/lib64]
  collapse library dir [/panfs/roc/itascasoft/isl/0.16.1_gcc6.1.0/lib] ==> [/panfs/roc/itascasoft/isl/0.16.1_gcc6.1.0/lib]
  collapse library dir [/panfs/roc/itascasoft/mpc/1.0.3_gcc6.1.0/lib] ==> [/panfs/roc/itascasoft/mpc/1.0.3_gcc6.1.0/lib]
  collapse library dir [/panfs/roc/itascasoft/mpfr/3.1.4-p1_gcc6.1.0/lib] ==> [/panfs/roc/itascasoft/mpfr/3.1.4-p1_gcc6.1.0/lib]
  collapse library dir [/panfs/roc/itascasoft/gmp/6.1.0_gcc6.1.0/lib] ==> [/panfs/roc/itascasoft/gmp/6.1.0_gcc6.1.0/lib]
  collapse library dir [/usr/lib/gcc/x86_64-redhat-linux/4.4.7/../../..] ==> [/usr/lib]
  implicit libs: [c]
  implicit dirs: [/panfs/roc/itascasoft/gcc/6.1.0/lib64;/usr/lib/gcc/x86_64-redhat-linux/4.4.7;/usr/lib64;/lib64;/panfs/roc/itascasoft/glog/0.3.4_intel2016update3/lib;/panfs/roc/intel/x86_64/2016/parallel_studio_xe_msi/compilers_and_libraries_2016.3.210/linux/ipp/lib/intel64;/panfs/roc/intel/x86_64/2016/parallel_studio_xe_msi/compilers_and_libraries_2016.3.210/linux/compiler/lib/intel64;/panfs/roc/intel/x86_64/2016/parallel_studio_xe_msi/compilers_and_libraries_2016.3.210/linux/mkl/lib/intel64;/panfs/roc/intel/x86_64/2016/parallel_studio_xe_msi/compilers_and_libraries_2016.3.210/linux/tbb/lib/intel64/gcc4.4;/panfs/roc/intel/x86_64/2016/parallel_studio_xe_msi/compilers_and_libraries_2016.3.210/linux/daal/lib/intel64_lin;/panfs/roc/intel/x86_64/2016/parallel_studio_xe_msi/compilers_and_libraries_2016.3.210/linux/compiler/lib/intel64_lin;/panfs/roc/itascasoft/opencv/3.1.0/lib;/panfs/roc/itascasoft/isl/0.16.1_gcc6.1.0/lib;/panfs/roc/itascasoft/mpc/1.0.3_gcc6.1.0/lib;/panfs/roc/itascasoft/mpfr/3.1.4-p1_gcc6.1.0/lib;/panfs/roc/itascasoft/gmp/6.1.0_gcc6.1.0/lib;/usr/lib]
  implicit fwks: []




Detecting C [-std=c99] compiler features compiled with the following output:
Change Dir: /home/hspark/hspark/code/SIFT++/build/CMakeFiles/CMakeTmp

Run Build Command:"/usr/bin/gmake" "cmTC_70b68/fast"
/usr/bin/gmake -f CMakeFiles/cmTC_70b68.dir/build.make CMakeFiles/cmTC_70b68.dir/build
gmake[1]: Entering directory `/panfs/roc/groups/3/hspark/hspark/code/SIFT++/build/CMakeFiles/CMakeTmp'
Building C object CMakeFiles/cmTC_70b68.dir/feature_tests.c.o
/usr/bin/cc    -std=c99 -o CMakeFiles/cmTC_70b68.dir/feature_tests.c.o   -c /home/hspark/hspark/code/SIFT++/build/CMakeFiles/feature_tests.c
Linking C executable cmTC_70b68
/panfs/roc/itascasoft/cmake/3.5.2/bin/cmake -E cmake_link_script CMakeFiles/cmTC_70b68.dir/link.txt --verbose=1
/usr/bin/cc       CMakeFiles/cmTC_70b68.dir/feature_tests.c.o  -o cmTC_70b68 -rdynamic 
gmake[1]: Leaving directory `/panfs/roc/groups/3/hspark/hspark/code/SIFT++/build/CMakeFiles/CMakeTmp'


    Feature record: C_FEATURE:1c_function_prototypes
    Feature record: C_FEATURE:1c_restrict
    Feature record: C_FEATURE:0c_static_assert
    Feature record: C_FEATURE:1c_variadic_macros


Detecting C [-std=c89] compiler features compiled with the following output:
Change Dir: /home/hspark/hspark/code/SIFT++/build/CMakeFiles/CMakeTmp

Run Build Command:"/usr/bin/gmake" "cmTC_0bf16/fast"
/usr/bin/gmake -f CMakeFiles/cmTC_0bf16.dir/build.make CMakeFiles/cmTC_0bf16.dir/build
gmake[1]: Entering directory `/panfs/roc/groups/3/hspark/hspark/code/SIFT++/build/CMakeFiles/CMakeTmp'
Building C object CMakeFiles/cmTC_0bf16.dir/feature_tests.c.o
/usr/bin/cc    -std=c89 -o CMakeFiles/cmTC_0bf16.dir/feature_tests.c.o   -c /home/hspark/hspark/code/SIFT++/build/CMakeFiles/feature_tests.c
Linking C executable cmTC_0bf16
/panfs/roc/itascasoft/cmake/3.5.2/bin/cmake -E cmake_link_script CMakeFiles/cmTC_0bf16.dir/link.txt --verbose=1
/usr/bin/cc       CMakeFiles/cmTC_0bf16.dir/feature_tests.c.o  -o cmTC_0bf16 -rdynamic 
gmake[1]: Leaving directory `/panfs/roc/groups/3/hspark/hspark/code/SIFT++/build/CMakeFiles/CMakeTmp'


    Feature record: C_FEATURE:1c_function_prototypes
    Feature record: C_FEATURE:0c_restrict
    Feature record: C_FEATURE:0c_static_assert
    Feature record: C_FEATURE:0c_variadic_macros
Determining if the CXX compiler works passed with the following output:
Change Dir: /home/hspark/hspark/code/SIFT++/build/CMakeFiles/CMakeTmp

Run Build Command:"/usr/bin/gmake" "cmTC_671cf/fast"
/usr/bin/gmake -f CMakeFiles/cmTC_671cf.dir/build.make CMakeFiles/cmTC_671cf.dir/build
gmake[1]: Entering directory `/panfs/roc/groups/3/hspark/hspark/code/SIFT++/build/CMakeFiles/CMakeTmp'
Building CXX object CMakeFiles/cmTC_671cf.dir/testCXXCompiler.cxx.o
/usr/bin/c++      -o CMakeFiles/cmTC_671cf.dir/testCXXCompiler.cxx.o -c /home/hspark/hspark/code/SIFT++/build/CMakeFiles/CMakeTmp/testCXXCompiler.cxx
Linking CXX executable cmTC_671cf
/panfs/roc/itascasoft/cmake/3.5.2/bin/cmake -E cmake_link_script CMakeFiles/cmTC_671cf.dir/link.txt --verbose=1
/usr/bin/c++        CMakeFiles/cmTC_671cf.dir/testCXXCompiler.cxx.o  -o cmTC_671cf -rdynamic 
gmake[1]: Leaving directory `/panfs/roc/groups/3/hspark/hspark/code/SIFT++/build/CMakeFiles/CMakeTmp'


Detecting CXX compiler ABI info compiled with the following output:
Change Dir: /home/hspark/hspark/code/SIFT++/build/CMakeFiles/CMakeTmp

Run Build Command:"/usr/bin/gmake" "cmTC_121b6/fast"
/usr/bin/gmake -f CMakeFiles/cmTC_121b6.dir/build.make CMakeFiles/cmTC_121b6.dir/build
gmake[1]: Entering directory `/panfs/roc/groups/3/hspark/hspark/code/SIFT++/build/CMakeFiles/CMakeTmp'
Building CXX object CMakeFiles/cmTC_121b6.dir/CMakeCXXCompilerABI.cpp.o
/usr/bin/c++      -o CMakeFiles/cmTC_121b6.dir/CMakeCXXCompilerABI.cpp.o -c /panfs/roc/itascasoft/cmake/3.5.2/share/cmake-3.5/Modules/CMakeCXXCompilerABI.cpp
Linking CXX executable cmTC_121b6
/panfs/roc/itascasoft/cmake/3.5.2/bin/cmake -E cmake_link_script CMakeFiles/cmTC_121b6.dir/link.txt --verbose=1
/usr/bin/c++       -v CMakeFiles/cmTC_121b6.dir/CMakeCXXCompilerABI.cpp.o  -o cmTC_121b6 -rdynamic  
Using built-in specs.
Target: x86_64-redhat-linux
Configured with: ../configure --prefix=/usr --mandir=/usr/share/man --infodir=/usr/share/info --with-bugurl=http://bugzilla.redhat.com/bugzilla --enable-bootstrap --enable-shared --enable-threads=posix --enable-checking=release --with-system-zlib --enable-__cxa_atexit --disable-libunwind-exceptions --enable-gnu-unique-object --enable-languages=c,c++,objc,obj-c++,java,fortran,ada --enable-java-awt=gtk --disable-dssi --with-java-home=/usr/lib/jvm/java-1.5.0-gcj-1.5.0.0/jre --enable-libgcj-multifile --enable-java-maintainer-mode --with-ecj-jar=/usr/share/java/eclipse-ecj.jar --disable-libjava-multilib --with-ppl --with-cloog --with-tune=generic --with-arch_32=i686 --build=x86_64-redhat-linux
Thread model: posix
gcc version 4.4.7 20120313 (Red Hat 4.4.7-17) (GCC) 
COMPILER_PATH=/usr/libexec/gcc/x86_64-redhat-linux/4.4.7/:/usr/libexec/gcc/x86_64-redhat-linux/4.4.7/:/usr/libexec/gcc/x86_64-redhat-linux/:/usr/lib/gcc/x86_64-redhat-linux/4.4.7/:/usr/lib/gcc/x86_64-redhat-linux/:/usr/libexec/gcc/x86_64-redhat-linux/4.4.7/:/usr/libexec/gcc/x86_64-redhat-linux/:/usr/lib/gcc/x86_64-redhat-linux/4.4.7/:/usr/lib/gcc/x86_64-redhat-linux/
LIBRARY_PATH=/panfs/roc/itascasoft/gcc/6.1.0/lib64/../lib64/:/usr/lib/gcc/x86_64-redhat-linux/4.4.7/:/usr/lib/gcc/x86_64-redhat-linux/4.4.7/:/usr/lib/gcc/x86_64-redhat-linux/4.4.7/../../../../lib64/:/lib/../lib64/:/usr/lib/../lib64/:/panfs/roc/itascasoft/glog/0.3.4_intel2016update3/lib/:/panfs/roc/intel/x86_64/2016/parallel_studio_xe_msi/compilers_and_libraries_2016.3.210/linux/ipp/lib/intel64/:/panfs/roc/intel/x86_64/2016/parallel_studio_xe_msi/compilers_and_libraries_2016.3.210/linux/compiler/lib/intel64/:/panfs/roc/intel/x86_64/2016/parallel_studio_xe_msi/compilers_and_libraries_2016.3.210/linux/mkl/lib/intel64/:/panfs/roc/intel/x86_64/2016/parallel_studio_xe_msi/compilers_and_libraries_2016.3.210/linux/tbb/lib/intel64/gcc4.4/:/panfs/roc/intel/x86_64/2016/parallel_studio_xe_msi/compilers_and_libraries_2016.3.210/linux/daal/lib/intel64_lin/:/panfs/roc/intel/x86_64/2016/parallel_studio_xe_msi/compilers_and_libraries_2016.3.210/linux/daal/../compiler/lib/intel64_lin/:/panfs/roc/itascasoft/opencv/3.1.0/lib/:/panfs/roc/itascasoft/gcc/6.1.0/lib64/:/panfs/roc/itascasoft/isl/0.16.1_gcc6.1.0/lib/:/panfs/roc/itascasoft/mpc/1.0.3_gcc6.1.0/lib/:/panfs/roc/itascasoft/mpfr/3.1.4-p1_gcc6.1.0/lib/:/panfs/roc/itascasoft/gmp/6.1.0_gcc6.1.0/lib/:/usr/lib/gcc/x86_64-redhat-linux/4.4.7/../../../:/lib/:/usr/lib/
COLLECT_GCC_OPTIONS='-v' '-o' 'cmTC_121b6' '-rdynamic' '-shared-libgcc' '-mtune=generic'
 /usr/libexec/gcc/x86_64-redhat-linux/4.4.7/collect2 --eh-frame-hdr --build-id -m elf_x86_64 --hash-style=gnu -export-dynamic -dynamic-linker /lib64/ld-linux-x86-64.so.2 -o cmTC_121b6 /usr/lib/gcc/x86_64-redhat-linux/4.4.7/../../../../lib64/crt1.o /usr/lib/gcc/x86_64-redhat-linux/4.4.7/../../../../lib64/crti.o /usr/lib/gcc/x86_64-redhat-linux/4.4.7/crtbegin.o -L/panfs/roc/itascasoft/gcc/6.1.0/lib64/../lib64 -L/usr/lib/gcc/x86_64-redhat-linux/4.4.7 -L/usr/lib/gcc/x86_64-redhat-linux/4.4.7 -L/usr/lib/gcc/x86_64-redhat-linux/4.4.7/../../../../lib64 -L/lib/../lib64 -L/usr/lib/../lib64 -L/panfs/roc/itascasoft/glog/0.3.4_intel2016update3/lib -L/panfs/roc/intel/x86_64/2016/parallel_studio_xe_msi/compilers_and_libraries_2016.3.210/linux/ipp/lib/intel64 -L/panfs/roc/intel/x86_64/2016/parallel_studio_xe_msi/compilers_and_libraries_2016.3.210/linux/compiler/lib/intel64 -L/panfs/roc/intel/x86_64/2016/parallel_studio_xe_msi/compilers_and_libraries_2016.3.210/linux/mkl/lib/intel64 -L/panfs/roc/intel/x86_64/2016/parallel_studio_xe_msi/compilers_and_libraries_2016.3.210/linux/tbb/lib/intel64/gcc4.4 -L/panfs/roc/intel/x86_64/2016/parallel_studio_xe_msi/compilers_and_libraries_2016.3.210/linux/daal/lib/intel64_lin -L/panfs/roc/intel/x86_64/2016/parallel_studio_xe_msi/compilers_and_libraries_2016.3.210/linux/daal/../compiler/lib/intel64_lin -L/panfs/roc/itascasoft/opencv/3.1.0/lib -L/panfs/roc/itascasoft/gcc/6.1.0/lib64 -L/panfs/roc/itascasoft/isl/0.16.1_gcc6.1.0/lib -L/panfs/roc/itascasoft/mpc/1.0.3_gcc6.1.0/lib -L/panfs/roc/itascasoft/mpfr/3.1.4-p1_gcc6.1.0/lib -L/panfs/roc/itascasoft/gmp/6.1.0_gcc6.1.0/lib -L/usr/lib/gcc/x86_64-redhat-linux/4.4.7/../../.. CMakeFiles/cmTC_121b6.dir/CMakeCXXCompilerABI.cpp.o -lstdc++ -lm -lgcc_s -lgcc -lc -lgcc_s -lgcc /usr/lib/gcc/x86_64-redhat-linux/4.4.7/crtend.o /usr/lib/gcc/x86_64-redhat-linux/4.4.7/../../../../lib64/crtn.o
gmake[1]: Leaving directory `/panfs/roc/groups/3/hspark/hspark/code/SIFT++/build/CMakeFiles/CMakeTmp'


Parsed CXX implicit link information from above output:
  link line regex: [^( *|.*[/\])(ld|([^/\]+-)?ld|collect2)[^/\]*( |$)]
  ignore line: [Change Dir: /home/hspark/hspark/code/SIFT++/build/CMakeFiles/CMakeTmp]
  ignore line: []
  ignore line: [Run Build Command:"/usr/bin/gmake" "cmTC_121b6/fast"]
  ignore line: [/usr/bin/gmake -f CMakeFiles/cmTC_121b6.dir/build.make CMakeFiles/cmTC_121b6.dir/build]
  ignore line: [gmake[1]: Entering directory `/panfs/roc/groups/3/hspark/hspark/code/SIFT++/build/CMakeFiles/CMakeTmp']
  ignore line: [Building CXX object CMakeFiles/cmTC_121b6.dir/CMakeCXXCompilerABI.cpp.o]
  ignore line: [/usr/bin/c++      -o CMakeFiles/cmTC_121b6.dir/CMakeCXXCompilerABI.cpp.o -c /panfs/roc/itascasoft/cmake/3.5.2/share/cmake-3.5/Modules/CMakeCXXCompilerABI.cpp]
  ignore line: [Linking CXX executable cmTC_121b6]
  ignore line: [/panfs/roc/itascasoft/cmake/3.5.2/bin/cmake -E cmake_link_script CMakeFiles/cmTC_121b6.dir/link.txt --verbose=1]
  ignore line: [/usr/bin/c++       -v CMakeFiles/cmTC_121b6.dir/CMakeCXXCompilerABI.cpp.o  -o cmTC_121b6 -rdynamic  ]
  ignore line: [Using built-in specs.]
  ignore line: [Target: x86_64-redhat-linux]
  ignore line: [Configured with: ../configure --prefix=/usr --mandir=/usr/share/man --infodir=/usr/share/info --with-bugurl=http://bugzilla.redhat.com/bugzilla --enable-bootstrap --enable-shared --enable-threads=posix --enable-checking=release --with-system-zlib --enable-__cxa_atexit --disable-libunwind-exceptions --enable-gnu-unique-object --enable-languages=c,c++,objc,obj-c++,java,fortran,ada --enable-java-awt=gtk --disable-dssi --with-java-home=/usr/lib/jvm/java-1.5.0-gcj-1.5.0.0/jre --enable-libgcj-multifile --enable-java-maintainer-mode --with-ecj-jar=/usr/share/java/eclipse-ecj.jar --disable-libjava-multilib --with-ppl --with-cloog --with-tune=generic --with-arch_32=i686 --build=x86_64-redhat-linux]
  ignore line: [Thread model: posix]
  ignore line: [gcc version 4.4.7 20120313 (Red Hat 4.4.7-17) (GCC) ]
  ignore line: [COMPILER_PATH=/usr/libexec/gcc/x86_64-redhat-linux/4.4.7/:/usr/libexec/gcc/x86_64-redhat-linux/4.4.7/:/usr/libexec/gcc/x86_64-redhat-linux/:/usr/lib/gcc/x86_64-redhat-linux/4.4.7/:/usr/lib/gcc/x86_64-redhat-linux/:/usr/libexec/gcc/x86_64-redhat-linux/4.4.7/:/usr/libexec/gcc/x86_64-redhat-linux/:/usr/lib/gcc/x86_64-redhat-linux/4.4.7/:/usr/lib/gcc/x86_64-redhat-linux/]
  ignore line: [LIBRARY_PATH=/panfs/roc/itascasoft/gcc/6.1.0/lib64/../lib64/:/usr/lib/gcc/x86_64-redhat-linux/4.4.7/:/usr/lib/gcc/x86_64-redhat-linux/4.4.7/:/usr/lib/gcc/x86_64-redhat-linux/4.4.7/../../../../lib64/:/lib/../lib64/:/usr/lib/../lib64/:/panfs/roc/itascasoft/glog/0.3.4_intel2016update3/lib/:/panfs/roc/intel/x86_64/2016/parallel_studio_xe_msi/compilers_and_libraries_2016.3.210/linux/ipp/lib/intel64/:/panfs/roc/intel/x86_64/2016/parallel_studio_xe_msi/compilers_and_libraries_2016.3.210/linux/compiler/lib/intel64/:/panfs/roc/intel/x86_64/2016/parallel_studio_xe_msi/compilers_and_libraries_2016.3.210/linux/mkl/lib/intel64/:/panfs/roc/intel/x86_64/2016/parallel_studio_xe_msi/compilers_and_libraries_2016.3.210/linux/tbb/lib/intel64/gcc4.4/:/panfs/roc/intel/x86_64/2016/parallel_studio_xe_msi/compilers_and_libraries_2016.3.210/linux/daal/lib/intel64_lin/:/panfs/roc/intel/x86_64/2016/parallel_studio_xe_msi/compilers_and_libraries_2016.3.210/linux/daal/../compiler/lib/intel64_lin/:/panfs/roc/itascasoft/opencv/3.1.0/lib/:/panfs/roc/itascasoft/gcc/6.1.0/lib64/:/panfs/roc/itascasoft/isl/0.16.1_gcc6.1.0/lib/:/panfs/roc/itascasoft/mpc/1.0.3_gcc6.1.0/lib/:/panfs/roc/itascasoft/mpfr/3.1.4-p1_gcc6.1.0/lib/:/panfs/roc/itascasoft/gmp/6.1.0_gcc6.1.0/lib/:/usr/lib/gcc/x86_64-redhat-linux/4.4.7/../../../:/lib/:/usr/lib/]
  ignore line: [COLLECT_GCC_OPTIONS='-v' '-o' 'cmTC_121b6' '-rdynamic' '-shared-libgcc' '-mtune=generic']
  link line: [ /usr/libexec/gcc/x86_64-redhat-linux/4.4.7/collect2 --eh-frame-hdr --build-id -m elf_x86_64 --hash-style=gnu -export-dynamic -dynamic-linker /lib64/ld-linux-x86-64.so.2 -o cmTC_121b6 /usr/lib/gcc/x86_64-redhat-linux/4.4.7/../../../../lib64/crt1.o /usr/lib/gcc/x86_64-redhat-linux/4.4.7/../../../../lib64/crti.o /usr/lib/gcc/x86_64-redhat-linux/4.4.7/crtbegin.o -L/panfs/roc/itascasoft/gcc/6.1.0/lib64/../lib64 -L/usr/lib/gcc/x86_64-redhat-linux/4.4.7 -L/usr/lib/gcc/x86_64-redhat-linux/4.4.7 -L/usr/lib/gcc/x86_64-redhat-linux/4.4.7/../../../../lib64 -L/lib/../lib64 -L/usr/lib/../lib64 -L/panfs/roc/itascasoft/glog/0.3.4_intel2016update3/lib -L/panfs/roc/intel/x86_64/2016/parallel_studio_xe_msi/compilers_and_libraries_2016.3.210/linux/ipp/lib/intel64 -L/panfs/roc/intel/x86_64/2016/parallel_studio_xe_msi/compilers_and_libraries_2016.3.210/linux/compiler/lib/intel64 -L/panfs/roc/intel/x86_64/2016/parallel_studio_xe_msi/compilers_and_libraries_2016.3.210/linux/mkl/lib/intel64 -L/panfs/roc/intel/x86_64/2016/parallel_studio_xe_msi/compilers_and_libraries_2016.3.210/linux/tbb/lib/intel64/gcc4.4 -L/panfs/roc/intel/x86_64/2016/parallel_studio_xe_msi/compilers_and_libraries_2016.3.210/linux/daal/lib/intel64_lin -L/panfs/roc/intel/x86_64/2016/parallel_studio_xe_msi/compilers_and_libraries_2016.3.210/linux/daal/../compiler/lib/intel64_lin -L/panfs/roc/itascasoft/opencv/3.1.0/lib -L/panfs/roc/itascasoft/gcc/6.1.0/lib64 -L/panfs/roc/itascasoft/isl/0.16.1_gcc6.1.0/lib -L/panfs/roc/itascasoft/mpc/1.0.3_gcc6.1.0/lib -L/panfs/roc/itascasoft/mpfr/3.1.4-p1_gcc6.1.0/lib -L/panfs/roc/itascasoft/gmp/6.1.0_gcc6.1.0/lib -L/usr/lib/gcc/x86_64-redhat-linux/4.4.7/../../.. CMakeFiles/cmTC_121b6.dir/CMakeCXXCompilerABI.cpp.o -lstdc++ -lm -lgcc_s -lgcc -lc -lgcc_s -lgcc /usr/lib/gcc/x86_64-redhat-linux/4.4.7/crtend.o /usr/lib/gcc/x86_64-redhat-linux/4.4.7/../../../../lib64/crtn.o]
    arg [/usr/libexec/gcc/x86_64-redhat-linux/4.4.7/collect2] ==> ignore
    arg [--eh-frame-hdr] ==> ignore
    arg [--build-id] ==> ignore
    arg [-m] ==> ignore
    arg [elf_x86_64] ==> ignore
    arg [--hash-style=gnu] ==> ignore
    arg [-export-dynamic] ==> ignore
    arg [-dynamic-linker] ==> ignore
    arg [/lib64/ld-linux-x86-64.so.2] ==> ignore
    arg [-o] ==> ignore
    arg [cmTC_121b6] ==> ignore
    arg [/usr/lib/gcc/x86_64-redhat-linux/4.4.7/../../../../lib64/crt1.o] ==> ignore
    arg [/usr/lib/gcc/x86_64-redhat-linux/4.4.7/../../../../lib64/crti.o] ==> ignore
    arg [/usr/lib/gcc/x86_64-redhat-linux/4.4.7/crtbegin.o] ==> ignore
    arg [-L/panfs/roc/itascasoft/gcc/6.1.0/lib64/../lib64] ==> dir [/panfs/roc/itascasoft/gcc/6.1.0/lib64/../lib64]
    arg [-L/usr/lib/gcc/x86_64-redhat-linux/4.4.7] ==> dir [/usr/lib/gcc/x86_64-redhat-linux/4.4.7]
    arg [-L/usr/lib/gcc/x86_64-redhat-linux/4.4.7] ==> dir [/usr/lib/gcc/x86_64-redhat-linux/4.4.7]
    arg [-L/usr/lib/gcc/x86_64-redhat-linux/4.4.7/../../../../lib64] ==> dir [/usr/lib/gcc/x86_64-redhat-linux/4.4.7/../../../../lib64]
    arg [-L/lib/../lib64] ==> dir [/lib/../lib64]
    arg [-L/usr/lib/../lib64] ==> dir [/usr/lib/../lib64]
    arg [-L/panfs/roc/itascasoft/glog/0.3.4_intel2016update3/lib] ==> dir [/panfs/roc/itascasoft/glog/0.3.4_intel2016update3/lib]
    arg [-L/panfs/roc/intel/x86_64/2016/parallel_studio_xe_msi/compilers_and_libraries_2016.3.210/linux/ipp/lib/intel64] ==> dir [/panfs/roc/intel/x86_64/2016/parallel_studio_xe_msi/compilers_and_libraries_2016.3.210/linux/ipp/lib/intel64]
    arg [-L/panfs/roc/intel/x86_64/2016/parallel_studio_xe_msi/compilers_and_libraries_2016.3.210/linux/compiler/lib/intel64] ==> dir [/panfs/roc/intel/x86_64/2016/parallel_studio_xe_msi/compilers_and_libraries_2016.3.210/linux/compiler/lib/intel64]
    arg [-L/panfs/roc/intel/x86_64/2016/parallel_studio_xe_msi/compilers_and_libraries_2016.3.210/linux/mkl/lib/intel64] ==> dir [/panfs/roc/intel/x86_64/2016/parallel_studio_xe_msi/compilers_and_libraries_2016.3.210/linux/mkl/lib/intel64]
    arg [-L/panfs/roc/intel/x86_64/2016/parallel_studio_xe_msi/compilers_and_libraries_2016.3.210/linux/tbb/lib/intel64/gcc4.4] ==> dir [/panfs/roc/intel/x86_64/2016/parallel_studio_xe_msi/compilers_and_libraries_2016.3.210/linux/tbb/lib/intel64/gcc4.4]
    arg [-L/panfs/roc/intel/x86_64/2016/parallel_studio_xe_msi/compilers_and_libraries_2016.3.210/linux/daal/lib/intel64_lin] ==> dir [/panfs/roc/intel/x86_64/2016/parallel_studio_xe_msi/compilers_and_libraries_2016.3.210/linux/daal/lib/intel64_lin]
    arg [-L/panfs/roc/intel/x86_64/2016/parallel_studio_xe_msi/compilers_and_libraries_2016.3.210/linux/daal/../compiler/lib/intel64_lin] ==> dir [/panfs/roc/intel/x86_64/2016/parallel_studio_xe_msi/compilers_and_libraries_2016.3.210/linux/daal/../compiler/lib/intel64_lin]
    arg [-L/panfs/roc/itascasoft/opencv/3.1.0/lib] ==> dir [/panfs/roc/itascasoft/opencv/3.1.0/lib]
    arg [-L/panfs/roc/itascasoft/gcc/6.1.0/lib64] ==> dir [/panfs/roc/itascasoft/gcc/6.1.0/lib64]
    arg [-L/panfs/roc/itascasoft/isl/0.16.1_gcc6.1.0/lib] ==> dir [/panfs/roc/itascasoft/isl/0.16.1_gcc6.1.0/lib]
    arg [-L/panfs/roc/itascasoft/mpc/1.0.3_gcc6.1.0/lib] ==> dir [/panfs/roc/itascasoft/mpc/1.0.3_gcc6.1.0/lib]
    arg [-L/panfs/roc/itascasoft/mpfr/3.1.4-p1_gcc6.1.0/lib] ==> dir [/panfs/roc/itascasoft/mpfr/3.1.4-p1_gcc6.1.0/lib]
    arg [-L/panfs/roc/itascasoft/gmp/6.1.0_gcc6.1.0/lib] ==> dir [/panfs/roc/itascasoft/gmp/6.1.0_gcc6.1.0/lib]
    arg [-L/usr/lib/gcc/x86_64-redhat-linux/4.4.7/../../..] ==> dir [/usr/lib/gcc/x86_64-redhat-linux/4.4.7/../../..]
    arg [CMakeFiles/cmTC_121b6.dir/CMakeCXXCompilerABI.cpp.o] ==> ignore
    arg [-lstdc++] ==> lib [stdc++]
    arg [-lm] ==> lib [m]
    arg [-lgcc_s] ==> lib [gcc_s]
    arg [-lgcc] ==> lib [gcc]
    arg [-lc] ==> lib [c]
    arg [-lgcc_s] ==> lib [gcc_s]
    arg [-lgcc] ==> lib [gcc]
    arg [/usr/lib/gcc/x86_64-redhat-linux/4.4.7/crtend.o] ==> ignore
    arg [/usr/lib/gcc/x86_64-redhat-linux/4.4.7/../../../../lib64/crtn.o] ==> ignore
  remove lib [gcc_s]
  remove lib [gcc]
  remove lib [gcc_s]
  remove lib [gcc]
  collapse library dir [/panfs/roc/itascasoft/gcc/6.1.0/lib64/../lib64] ==> [/panfs/roc/itascasoft/gcc/6.1.0/lib64]
  collapse library dir [/usr/lib/gcc/x86_64-redhat-linux/4.4.7] ==> [/usr/lib/gcc/x86_64-redhat-linux/4.4.7]
  collapse library dir [/usr/lib/gcc/x86_64-redhat-linux/4.4.7] ==> [/usr/lib/gcc/x86_64-redhat-linux/4.4.7]
  collapse library dir [/usr/lib/gcc/x86_64-redhat-linux/4.4.7/../../../../lib64] ==> [/usr/lib64]
  collapse library dir [/lib/../lib64] ==> [/lib64]
  collapse library dir [/usr/lib/../lib64] ==> [/usr/lib64]
  collapse library dir [/panfs/roc/itascasoft/glog/0.3.4_intel2016update3/lib] ==> [/panfs/roc/itascasoft/glog/0.3.4_intel2016update3/lib]
  collapse library dir [/panfs/roc/intel/x86_64/2016/parallel_studio_xe_msi/compilers_and_libraries_2016.3.210/linux/ipp/lib/intel64] ==> [/panfs/roc/intel/x86_64/2016/parallel_studio_xe_msi/compilers_and_libraries_2016.3.210/linux/ipp/lib/intel64]
  collapse library dir [/panfs/roc/intel/x86_64/2016/parallel_studio_xe_msi/compilers_and_libraries_2016.3.210/linux/compiler/lib/intel64] ==> [/panfs/roc/intel/x86_64/2016/parallel_studio_xe_msi/compilers_and_libraries_2016.3.210/linux/compiler/lib/intel64]
  collapse library dir [/panfs/roc/intel/x86_64/2016/parallel_studio_xe_msi/compilers_and_libraries_2016.3.210/linux/mkl/lib/intel64] ==> [/panfs/roc/intel/x86_64/2016/parallel_studio_xe_msi/compilers_and_libraries_2016.3.210/linux/mkl/lib/intel64]
  collapse library dir [/panfs/roc/intel/x86_64/2016/parallel_studio_xe_msi/compilers_and_libraries_2016.3.210/linux/tbb/lib/intel64/gcc4.4] ==> [/panfs/roc/intel/x86_64/2016/parallel_studio_xe_msi/compilers_and_libraries_2016.3.210/linux/tbb/lib/intel64/gcc4.4]
  collapse library dir [/panfs/roc/intel/x86_64/2016/parallel_studio_xe_msi/compilers_and_libraries_2016.3.210/linux/daal/lib/intel64_lin] ==> [/panfs/roc/intel/x86_64/2016/parallel_studio_xe_msi/compilers_and_libraries_2016.3.210/linux/daal/lib/intel64_lin]
  collapse library dir [/panfs/roc/intel/x86_64/2016/parallel_studio_xe_msi/compilers_and_libraries_2016.3.210/linux/daal/../compiler/lib/intel64_lin] ==> [/panfs/roc/intel/x86_64/2016/parallel_studio_xe_msi/compilers_and_libraries_2016.3.210/linux/compiler/lib/intel64_lin]
  collapse library dir [/panfs/roc/itascasoft/opencv/3.1.0/lib] ==> [/panfs/roc/itascasoft/opencv/3.1.0/lib]
  collapse library dir [/panfs/roc/itascasoft/gcc/6.1.0/lib64] ==> [/panfs/roc/itascasoft/gcc/6.1.0/lib64]
  collapse library dir [/panfs/roc/itascasoft/isl/0.16.1_gcc6.1.0/lib] ==> [/panfs/roc/itascasoft/isl/0.16.1_gcc6.1.0/lib]
  collapse library dir [/panfs/roc/itascasoft/mpc/1.0.3_gcc6.1.0/lib] ==> [/panfs/roc/itascasoft/mpc/1.0.3_gcc6.1.0/lib]
  collapse library dir [/panfs/roc/itascasoft/mpfr/3.1.4-p1_gcc6.1.0/lib] ==> [/panfs/roc/itascasoft/mpfr/3.1.4-p1_gcc6.1.0/lib]
  collapse library dir [/panfs/roc/itascasoft/gmp/6.1.0_gcc6.1.0/lib] ==> [/panfs/roc/itascasoft/gmp/6.1.0_gcc6.1.0/lib]
  collapse library dir [/usr/lib/gcc/x86_64-redhat-linux/4.4.7/../../..] ==> [/usr/lib]
  implicit libs: [stdc++;m;c]
  implicit dirs: [/panfs/roc/itascasoft/gcc/6.1.0/lib64;/usr/lib/gcc/x86_64-redhat-linux/4.4.7;/usr/lib64;/lib64;/panfs/roc/itascasoft/glog/0.3.4_intel2016update3/lib;/panfs/roc/intel/x86_64/2016/parallel_studio_xe_msi/compilers_and_libraries_2016.3.210/linux/ipp/lib/intel64;/panfs/roc/intel/x86_64/2016/parallel_studio_xe_msi/compilers_and_libraries_2016.3.210/linux/compiler/lib/intel64;/panfs/roc/intel/x86_64/2016/parallel_studio_xe_msi/compilers_and_libraries_2016.3.210/linux/mkl/lib/intel64;/panfs/roc/intel/x86_64/2016/parallel_studio_xe_msi/compilers_and_libraries_2016.3.210/linux/tbb/lib/intel64/gcc4.4;/panfs/roc/intel/x86_64/2016/parallel_studio_xe_msi/compilers_and_libraries_2016.3.210/linux/daal/lib/intel64_lin;/panfs/roc/intel/x86_64/2016/parallel_studio_xe_msi/compilers_and_libraries_2016.3.210/linux/compiler/lib/intel64_lin;/panfs/roc/itascasoft/opencv/3.1.0/lib;/panfs/roc/itascasoft/isl/0.16.1_gcc6.1.0/lib;/panfs/roc/itascasoft/mpc/1.0.3_gcc6.1.0/lib;/panfs/roc/itascasoft/mpfr/3.1.4-p1_gcc6.1.0/lib;/panfs/roc/itascasoft/gmp/6.1.0_gcc6.1.0/lib;/usr/lib]
  implicit fwks: []




Detecting CXX [-std=c++0x] compiler features compiled with the following output:
Change Dir: /home/hspark/hspark/code/SIFT++/build/CMakeFiles/CMakeTmp

Run Build Command:"/usr/bin/gmake" "cmTC_9de6a/fast"
/usr/bin/gmake -f CMakeFiles/cmTC_9de6a.dir/build.make CMakeFiles/cmTC_9de6a.dir/build
gmake[1]: Entering directory `/panfs/roc/groups/3/hspark/hspark/code/SIFT++/build/CMakeFiles/CMakeTmp'
Building CXX object CMakeFiles/cmTC_9de6a.dir/feature_tests.cxx.o
/usr/bin/c++     -std=c++0x -o CMakeFiles/cmTC_9de6a.dir/feature_tests.cxx.o -c /home/hspark/hspark/code/SIFT++/build/CMakeFiles/feature_tests.cxx
Linking CXX executable cmTC_9de6a
/panfs/roc/itascasoft/cmake/3.5.2/bin/cmake -E cmake_link_script CMakeFiles/cmTC_9de6a.dir/link.txt --verbose=1
/usr/bin/c++        CMakeFiles/cmTC_9de6a.dir/feature_tests.cxx.o  -o cmTC_9de6a -rdynamic 
gmake[1]: Leaving directory `/panfs/roc/groups/3/hspark/hspark/code/SIFT++/build/CMakeFiles/CMakeTmp'


    Feature record: CXX_FEATURE:0cxx_aggregate_default_initializers
    Feature record: CXX_FEATURE:0cxx_alias_templates
    Feature record: CXX_FEATURE:0cxx_alignas
    Feature record: CXX_FEATURE:0cxx_alignof
    Feature record: CXX_FEATURE:0cxx_attributes
    Feature record: CXX_FEATURE:0cxx_attribute_deprecated
    Feature record: CXX_FEATURE:1cxx_auto_type
    Feature record: CXX_FEATURE:0cxx_binary_literals
    Feature record: CXX_FEATURE:0cxx_constexpr
    Feature record: CXX_FEATURE:0cxx_contextual_conversions
    Feature record: CXX_FEATURE:1cxx_decltype
    Feature record: CXX_FEATURE:0cxx_decltype_auto
    Feature record: CXX_FEATURE:0cxx_decltype_incomplete_return_types
    Feature record: CXX_FEATURE:1cxx_default_function_template_args
    Feature record: CXX_FEATURE:1cxx_defaulted_functions
    Feature record: CXX_FEATURE:0cxx_defaulted_move_initializers
    Feature record: CXX_FEATURE:0cxx_delegating_constructors
    Feature record: CXX_FEATURE:1cxx_deleted_functions
    Feature record: CXX_FEATURE:0cxx_digit_separators
    Feature record: CXX_FEATURE:0cxx_enum_forward_declarations
    Feature record: CXX_FEATURE:0cxx_explicit_conversions
    Feature record: CXX_FEATURE:0cxx_extended_friend_declarations
    Feature record: CXX_FEATURE:1cxx_extern_templates
    Feature record: CXX_FEATURE:0cxx_final
    Feature record: CXX_FEATURE:1cxx_func_identifier
    Feature record: CXX_FEATURE:1cxx_generalized_initializers
    Feature record: CXX_FEATURE:0cxx_generic_lambdas
    Feature record: CXX_FEATURE:0cxx_inheriting_constructors
    Feature record: CXX_FEATURE:1cxx_inline_namespaces
    Feature record: CXX_FEATURE:0cxx_lambdas
    Feature record: CXX_FEATURE:0cxx_lambda_init_captures
    Feature record: CXX_FEATURE:0cxx_local_type_template_args
    Feature record: CXX_FEATURE:1cxx_long_long_type
    Feature record: CXX_FEATURE:0cxx_noexcept
    Feature record: CXX_FEATURE:0cxx_nonstatic_member_init
    Feature record: CXX_FEATURE:0cxx_nullptr
    Feature record: CXX_FEATURE:0cxx_override
    Feature record: CXX_FEATURE:0cxx_range_for
    Feature record: CXX_FEATURE:0cxx_raw_string_literals
    Feature record: CXX_FEATURE:0cxx_reference_qualified_functions
    Feature record: CXX_FEATURE:0cxx_relaxed_constexpr
    Feature record: CXX_FEATURE:0cxx_return_type_deduction
    Feature record: CXX_FEATURE:1cxx_right_angle_brackets
    Feature record: CXX_FEATURE:1cxx_rvalue_references
    Feature record: CXX_FEATURE:1cxx_sizeof_member
    Feature record: CXX_FEATURE:1cxx_static_assert
    Feature record: CXX_FEATURE:1cxx_strong_enums
    Feature record: CXX_FEATURE:1cxx_template_template_parameters
    Feature record: CXX_FEATURE:0cxx_thread_local
    Feature record: CXX_FEATURE:1cxx_trailing_return_types
    Feature record: CXX_FEATURE:1cxx_unicode_literals
    Feature record: CXX_FEATURE:1cxx_uniform_initialization
    Feature record: CXX_FEATURE:0cxx_unrestricted_unions
    Feature record: CXX_FEATURE:0cxx_user_literals
    Feature record: CXX_FEATURE:0cxx_variable_templates
    Feature record: CXX_FEATURE:1cxx_variadic_macros
    Feature record: CXX_FEATURE:1cxx_variadic_templates


Detecting CXX [-std=c++98] compiler features compiled with the following output:
Change Dir: /home/hspark/hspark/code/SIFT++/build/CMakeFiles/CMakeTmp

Run Build Command:"/usr/bin/gmake" "cmTC_e4f3c/fast"
/usr/bin/gmake -f CMakeFiles/cmTC_e4f3c.dir/build.make CMakeFiles/cmTC_e4f3c.dir/build
gmake[1]: Entering directory `/panfs/roc/groups/3/hspark/hspark/code/SIFT++/build/CMakeFiles/CMakeTmp'
Building CXX object CMakeFiles/cmTC_e4f3c.dir/feature_tests.cxx.o
/usr/bin/c++     -std=c++98 -o CMakeFiles/cmTC_e4f3c.dir/feature_tests.cxx.o -c /home/hspark/hspark/code/SIFT++/build/CMakeFiles/feature_tests.cxx
Linking CXX executable cmTC_e4f3c
/panfs/roc/itascasoft/cmake/3.5.2/bin/cmake -E cmake_link_script CMakeFiles/cmTC_e4f3c.dir/link.txt --verbose=1
/usr/bin/c++        CMakeFiles/cmTC_e4f3c.dir/feature_tests.cxx.o  -o cmTC_e4f3c -rdynamic 
gmake[1]: Leaving directory `/panfs/roc/groups/3/hspark/hspark/code/SIFT++/build/CMakeFiles/CMakeTmp'


    Feature record: CXX_FEATURE:0cxx_aggregate_default_initializers
    Feature record: CXX_FEATURE:0cxx_alias_templates
    Feature record: CXX_FEATURE:0cxx_alignas
    Feature record: CXX_FEATURE:0cxx_alignof
    Feature record: CXX_FEATURE:0cxx_attributes
    Feature record: CXX_FEATURE:0cxx_attribute_deprecated
    Feature record: CXX_FEATURE:0cxx_auto_type
    Feature record: CXX_FEATURE:0cxx_binary_literals
    Feature record: CXX_FEATURE:0cxx_constexpr
    Feature record: CXX_FEATURE:0cxx_contextual_conversions
    Feature record: CXX_FEATURE:0cxx_decltype
    Feature record: CXX_FEATURE:0cxx_decltype_auto
    Feature record: CXX_FEATURE:0cxx_decltype_incomplete_return_types
    Feature record: CXX_FEATURE:0cxx_default_function_template_args
    Feature record: CXX_FEATURE:0cxx_defaulted_functions
    Feature record: CXX_FEATURE:0cxx_defaulted_move_initializers
    Feature record: CXX_FEATURE:0cxx_delegating_constructors
    Feature record: CXX_FEATURE:0cxx_deleted_functions
    Feature record: CXX_FEATURE:0cxx_digit_separators
    Feature record: CXX_FEATURE:0cxx_enum_forward_declarations
    Feature record: CXX_FEATURE:0cxx_explicit_conversions
    Feature record: CXX_FEATURE:0cxx_extended_friend_declarations
    Feature record: CXX_FEATURE:0cxx_extern_templates
    Feature record: CXX_FEATURE:0cxx_final
    Feature record: CXX_FEATURE:0cxx_func_identifier
    Feature record: CXX_FEATURE:0cxx_generalized_initializers
    Feature record: CXX_FEATURE:0cxx_generic_lambdas
    Feature record: CXX_FEATURE:0cxx_inheriting_constructors
    Feature record: CXX_FEATURE:0cxx_inline_namespaces
    Feature record: CXX_FEATURE:0cxx_lambdas
    Feature record: CXX_FEATURE:0cxx_lambda_init_captures
    Feature record: CXX_FEATURE:0cxx_local_type_template_args
    Feature record: CXX_FEATURE:0cxx_long_long_type
    Feature record: CXX_FEATURE:0cxx_noexcept
    Feature record: CXX_FEATURE:0cxx_nonstatic_member_init
    Feature record: CXX_FEATURE:0cxx_nullptr
    Feature record: CXX_FEATURE:0cxx_override
    Feature record: CXX_FEATURE:0cxx_range_for
    Feature record: CXX_FEATURE:0cxx_raw_string_literals
    Feature record: CXX_FEATURE:0cxx_reference_qualified_functions
    Feature record: CXX_FEATURE:0cxx_relaxed_constexpr
    Feature record: CXX_FEATURE:0cxx_return_type_deduction
    Feature record: CXX_FEATURE:0cxx_right_angle_brackets
    Feature record: CXX_FEATURE:0cxx_rvalue_references
    Feature record: CXX_FEATURE:0cxx_sizeof_member
    Feature record: CXX_FEATURE:0cxx_static_assert
    Feature record: CXX_FEATURE:0cxx_strong_enums
    Feature record: CXX_FEATURE:1cxx_template_template_parameters
    Feature record: CXX_FEATURE:0cxx_thread_local
    Feature record: CXX_FEATURE:0cxx_trailing_return_types
    Feature record: CXX_FEATURE:0cxx_unicode_literals
    Feature record: CXX_FEATURE:0cxx_uniform_initialization
    Feature record: CXX_FEATURE:0cxx_unrestricted_unions
    Feature record: CXX_FEATURE:0cxx_user_literals
    Feature record: CXX_FEATURE:0cxx_variable_templates
    Feature record: CXX_FEATURE:0cxx_variadic_macros
    Feature record: CXX_FEATURE:0cxx_variadic_templates
