The system is: Linux - 2.6.32-642.3.1.el6.x86_64 - x86_64
Compiling the C compiler identification source file "CMakeCCompilerId.c" succeeded.
Compiler: /panfs/roc/itascasoft/gcc/6.1.0/bin/gcc 
Build flags: 
Id flags: 

The output was:
0


Compilation of the C compiler identification source "CMakeCCompilerId.c" produced "a.out"

The C compiler identification is GNU, found in "/home/hspark/hspark/code/Reconstruction_ceres_gopro3/build/CMakeFiles/3.5.2/CompilerIdC/a.out"

Compiling the CXX compiler identification source file "CMakeCXXCompilerId.cpp" succeeded.
Compiler: /panfs/roc/itascasoft/gcc/6.1.0/bin/g++ 
Build flags: 
Id flags: 

The output was:
0


Compilation of the CXX compiler identification source "CMakeCXXCompilerId.cpp" produced "a.out"

The CXX compiler identification is GNU, found in "/home/hspark/hspark/code/Reconstruction_ceres_gopro3/build/CMakeFiles/3.5.2/CompilerIdCXX/a.out"

Determining if the C compiler works passed with the following output:
Change Dir: /home/hspark/hspark/code/Reconstruction_ceres_gopro3/build/CMakeFiles/CMakeTmp

Run Build Command:"/usr/bin/gmake" "cmTC_134c3/fast"
/usr/bin/gmake -f CMakeFiles/cmTC_134c3.dir/build.make CMakeFiles/cmTC_134c3.dir/build
gmake[1]: Entering directory `/panfs/roc/groups/3/hspark/hspark/code/Reconstruction_ceres_gopro3/build/CMakeFiles/CMakeTmp'
Building C object CMakeFiles/cmTC_134c3.dir/testCCompiler.c.o
/panfs/roc/itascasoft/gcc/6.1.0/bin/gcc     -o CMakeFiles/cmTC_134c3.dir/testCCompiler.c.o   -c /home/hspark/hspark/code/Reconstruction_ceres_gopro3/build/CMakeFiles/CMakeTmp/testCCompiler.c
Linking C executable cmTC_134c3
/panfs/roc/itascasoft/cmake/3.5.2/bin/cmake -E cmake_link_script CMakeFiles/cmTC_134c3.dir/link.txt --verbose=1
/panfs/roc/itascasoft/gcc/6.1.0/bin/gcc       CMakeFiles/cmTC_134c3.dir/testCCompiler.c.o  -o cmTC_134c3 -rdynamic 
gmake[1]: Leaving directory `/panfs/roc/groups/3/hspark/hspark/code/Reconstruction_ceres_gopro3/build/CMakeFiles/CMakeTmp'


Detecting C compiler ABI info compiled with the following output:
Change Dir: /home/hspark/hspark/code/Reconstruction_ceres_gopro3/build/CMakeFiles/CMakeTmp

Run Build Command:"/usr/bin/gmake" "cmTC_38c9c/fast"
/usr/bin/gmake -f CMakeFiles/cmTC_38c9c.dir/build.make CMakeFiles/cmTC_38c9c.dir/build
gmake[1]: Entering directory `/panfs/roc/groups/3/hspark/hspark/code/Reconstruction_ceres_gopro3/build/CMakeFiles/CMakeTmp'
Building C object CMakeFiles/cmTC_38c9c.dir/CMakeCCompilerABI.c.o
/panfs/roc/itascasoft/gcc/6.1.0/bin/gcc     -o CMakeFiles/cmTC_38c9c.dir/CMakeCCompilerABI.c.o   -c /panfs/roc/itascasoft/cmake/3.5.2/share/cmake-3.5/Modules/CMakeCCompilerABI.c
Linking C executable cmTC_38c9c
/panfs/roc/itascasoft/cmake/3.5.2/bin/cmake -E cmake_link_script CMakeFiles/cmTC_38c9c.dir/link.txt --verbose=1
/panfs/roc/itascasoft/gcc/6.1.0/bin/gcc      -v CMakeFiles/cmTC_38c9c.dir/CMakeCCompilerABI.c.o  -o cmTC_38c9c -rdynamic  
Using built-in specs.
COLLECT_GCC=/panfs/roc/itascasoft/gcc/6.1.0/bin/gcc
COLLECT_LTO_WRAPPER=/panfs/roc/itascasoft/gcc/6.1.0/libexec/gcc/x86_64-pc-linux-gnu/6.1.0/lto-wrapper
Target: x86_64-pc-linux-gnu
Configured with: ./configure --prefix=/panfs/roc/itascasoft/gcc/6.1.0 --with-gmp=/panfs/roc/itascasoft/gmp/6.1.0_gcc6.1.0 --with-mpfr=/panfs/roc/itascasoft/mpfr/3.1.4-p1_gcc6.1.0 --with-mpc=/panfs/roc/itascasoft/mpc/1.0.3_gcc6.1.0 --with-isl=/panfs/roc/itascasoft/isl/0.16.1_gcc6.1.0 --enable-bootstrap --disable-multilib
Thread model: posix
gcc version 6.1.0 (GCC) 
COMPILER_PATH=/panfs/roc/itascasoft/gcc/6.1.0/libexec/gcc/x86_64-pc-linux-gnu/6.1.0/:/panfs/roc/itascasoft/gcc/6.1.0/libexec/gcc/x86_64-pc-linux-gnu/6.1.0/:/panfs/roc/itascasoft/gcc/6.1.0/libexec/gcc/x86_64-pc-linux-gnu/:/panfs/roc/itascasoft/gcc/6.1.0/lib/gcc/x86_64-pc-linux-gnu/6.1.0/:/panfs/roc/itascasoft/gcc/6.1.0/lib/gcc/x86_64-pc-linux-gnu/
LIBRARY_PATH=/panfs/roc/itascasoft/gcc/6.1.0/lib64/../lib64/:/panfs/roc/itascasoft/gcc/6.1.0/lib/gcc/x86_64-pc-linux-gnu/6.1.0/:/panfs/roc/itascasoft/gcc/6.1.0/lib/gcc/x86_64-pc-linux-gnu/6.1.0/../../../../lib64/:/lib/../lib64/:/usr/lib/../lib64/:/panfs/roc/itascasoft/glog/0.3.4_intel2016update3/lib/:/panfs/roc/intel/x86_64/2016/parallel_studio_xe_msi/compilers_and_libraries_2016.3.210/linux/ipp/lib/intel64/:/panfs/roc/intel/x86_64/2016/parallel_studio_xe_msi/compilers_and_libraries_2016.3.210/linux/compiler/lib/intel64/:/panfs/roc/intel/x86_64/2016/parallel_studio_xe_msi/compilers_and_libraries_2016.3.210/linux/mkl/lib/intel64/:/panfs/roc/intel/x86_64/2016/parallel_studio_xe_msi/compilers_and_libraries_2016.3.210/linux/tbb/lib/intel64/gcc4.4/:/panfs/roc/intel/x86_64/2016/parallel_studio_xe_msi/compilers_and_libraries_2016.3.210/linux/daal/lib/intel64_lin/:/panfs/roc/intel/x86_64/2016/parallel_studio_xe_msi/compilers_and_libraries_2016.3.210/linux/daal/../compiler/lib/intel64_lin/:/panfs/roc/itascasoft/opencv/3.1.0/lib/:/panfs/roc/itascasoft/gcc/6.1.0/lib64/:/panfs/roc/itascasoft/isl/0.16.1_gcc6.1.0/lib/:/panfs/roc/itascasoft/mpc/1.0.3_gcc6.1.0/lib/:/panfs/roc/itascasoft/mpfr/3.1.4-p1_gcc6.1.0/lib/:/panfs/roc/itascasoft/gmp/6.1.0_gcc6.1.0/lib/:/panfs/roc/itascasoft/gcc/6.1.0/lib/gcc/x86_64-pc-linux-gnu/6.1.0/../../../:/lib/:/usr/lib/
COLLECT_GCC_OPTIONS='-v' '-o' 'cmTC_38c9c' '-rdynamic' '-mtune=generic' '-march=x86-64'
 /panfs/roc/itascasoft/gcc/6.1.0/libexec/gcc/x86_64-pc-linux-gnu/6.1.0/collect2 --eh-frame-hdr -m elf_x86_64 -export-dynamic -dynamic-linker /lib64/ld-linux-x86-64.so.2 -o cmTC_38c9c /usr/lib/../lib64/crt1.o /usr/lib/../lib64/crti.o /panfs/roc/itascasoft/gcc/6.1.0/lib/gcc/x86_64-pc-linux-gnu/6.1.0/crtbegin.o -L/panfs/roc/itascasoft/gcc/6.1.0/lib64/../lib64 -L/panfs/roc/itascasoft/gcc/6.1.0/lib/gcc/x86_64-pc-linux-gnu/6.1.0 -L/panfs/roc/itascasoft/gcc/6.1.0/lib/gcc/x86_64-pc-linux-gnu/6.1.0/../../../../lib64 -L/lib/../lib64 -L/usr/lib/../lib64 -L/panfs/roc/itascasoft/glog/0.3.4_intel2016update3/lib -L/panfs/roc/intel/x86_64/2016/parallel_studio_xe_msi/compilers_and_libraries_2016.3.210/linux/ipp/lib/intel64 -L/panfs/roc/intel/x86_64/2016/parallel_studio_xe_msi/compilers_and_libraries_2016.3.210/linux/compiler/lib/intel64 -L/panfs/roc/intel/x86_64/2016/parallel_studio_xe_msi/compilers_and_libraries_2016.3.210/linux/mkl/lib/intel64 -L/panfs/roc/intel/x86_64/2016/parallel_studio_xe_msi/compilers_and_libraries_2016.3.210/linux/tbb/lib/intel64/gcc4.4 -L/panfs/roc/intel/x86_64/2016/parallel_studio_xe_msi/compilers_and_libraries_2016.3.210/linux/daal/lib/intel64_lin -L/panfs/roc/intel/x86_64/2016/parallel_studio_xe_msi/compilers_and_libraries_2016.3.210/linux/daal/../compiler/lib/intel64_lin -L/panfs/roc/itascasoft/opencv/3.1.0/lib -L/panfs/roc/itascasoft/gcc/6.1.0/lib64 -L/panfs/roc/itascasoft/isl/0.16.1_gcc6.1.0/lib -L/panfs/roc/itascasoft/mpc/1.0.3_gcc6.1.0/lib -L/panfs/roc/itascasoft/mpfr/3.1.4-p1_gcc6.1.0/lib -L/panfs/roc/itascasoft/gmp/6.1.0_gcc6.1.0/lib -L/panfs/roc/itascasoft/gcc/6.1.0/lib/gcc/x86_64-pc-linux-gnu/6.1.0/../../.. CMakeFiles/cmTC_38c9c.dir/CMakeCCompilerABI.c.o -lgcc --as-needed -lgcc_s --no-as-needed -lc -lgcc --as-needed -lgcc_s --no-as-needed /panfs/roc/itascasoft/gcc/6.1.0/lib/gcc/x86_64-pc-linux-gnu/6.1.0/crtend.o /usr/lib/../lib64/crtn.o
COLLECT_GCC_OPTIONS='-v' '-o' 'cmTC_38c9c' '-rdynamic' '-mtune=generic' '-march=x86-64'
gmake[1]: Leaving directory `/panfs/roc/groups/3/hspark/hspark/code/Reconstruction_ceres_gopro3/build/CMakeFiles/CMakeTmp'


Parsed C implicit link information from above output:
  link line regex: [^( *|.*[/\])(ld|([^/\]+-)?ld|collect2)[^/\]*( |$)]
  ignore line: [Change Dir: /home/hspark/hspark/code/Reconstruction_ceres_gopro3/build/CMakeFiles/CMakeTmp]
  ignore line: []
  ignore line: [Run Build Command:"/usr/bin/gmake" "cmTC_38c9c/fast"]
  ignore line: [/usr/bin/gmake -f CMakeFiles/cmTC_38c9c.dir/build.make CMakeFiles/cmTC_38c9c.dir/build]
  ignore line: [gmake[1]: Entering directory `/panfs/roc/groups/3/hspark/hspark/code/Reconstruction_ceres_gopro3/build/CMakeFiles/CMakeTmp']
  ignore line: [Building C object CMakeFiles/cmTC_38c9c.dir/CMakeCCompilerABI.c.o]
  ignore line: [/panfs/roc/itascasoft/gcc/6.1.0/bin/gcc     -o CMakeFiles/cmTC_38c9c.dir/CMakeCCompilerABI.c.o   -c /panfs/roc/itascasoft/cmake/3.5.2/share/cmake-3.5/Modules/CMakeCCompilerABI.c]
  ignore line: [Linking C executable cmTC_38c9c]
  ignore line: [/panfs/roc/itascasoft/cmake/3.5.2/bin/cmake -E cmake_link_script CMakeFiles/cmTC_38c9c.dir/link.txt --verbose=1]
  ignore line: [/panfs/roc/itascasoft/gcc/6.1.0/bin/gcc      -v CMakeFiles/cmTC_38c9c.dir/CMakeCCompilerABI.c.o  -o cmTC_38c9c -rdynamic  ]
  ignore line: [Using built-in specs.]
  ignore line: [COLLECT_GCC=/panfs/roc/itascasoft/gcc/6.1.0/bin/gcc]
  ignore line: [COLLECT_LTO_WRAPPER=/panfs/roc/itascasoft/gcc/6.1.0/libexec/gcc/x86_64-pc-linux-gnu/6.1.0/lto-wrapper]
  ignore line: [Target: x86_64-pc-linux-gnu]
  ignore line: [Configured with: ./configure --prefix=/panfs/roc/itascasoft/gcc/6.1.0 --with-gmp=/panfs/roc/itascasoft/gmp/6.1.0_gcc6.1.0 --with-mpfr=/panfs/roc/itascasoft/mpfr/3.1.4-p1_gcc6.1.0 --with-mpc=/panfs/roc/itascasoft/mpc/1.0.3_gcc6.1.0 --with-isl=/panfs/roc/itascasoft/isl/0.16.1_gcc6.1.0 --enable-bootstrap --disable-multilib]
  ignore line: [Thread model: posix]
  ignore line: [gcc version 6.1.0 (GCC) ]
  ignore line: [COMPILER_PATH=/panfs/roc/itascasoft/gcc/6.1.0/libexec/gcc/x86_64-pc-linux-gnu/6.1.0/:/panfs/roc/itascasoft/gcc/6.1.0/libexec/gcc/x86_64-pc-linux-gnu/6.1.0/:/panfs/roc/itascasoft/gcc/6.1.0/libexec/gcc/x86_64-pc-linux-gnu/:/panfs/roc/itascasoft/gcc/6.1.0/lib/gcc/x86_64-pc-linux-gnu/6.1.0/:/panfs/roc/itascasoft/gcc/6.1.0/lib/gcc/x86_64-pc-linux-gnu/]
  ignore line: [LIBRARY_PATH=/panfs/roc/itascasoft/gcc/6.1.0/lib64/../lib64/:/panfs/roc/itascasoft/gcc/6.1.0/lib/gcc/x86_64-pc-linux-gnu/6.1.0/:/panfs/roc/itascasoft/gcc/6.1.0/lib/gcc/x86_64-pc-linux-gnu/6.1.0/../../../../lib64/:/lib/../lib64/:/usr/lib/../lib64/:/panfs/roc/itascasoft/glog/0.3.4_intel2016update3/lib/:/panfs/roc/intel/x86_64/2016/parallel_studio_xe_msi/compilers_and_libraries_2016.3.210/linux/ipp/lib/intel64/:/panfs/roc/intel/x86_64/2016/parallel_studio_xe_msi/compilers_and_libraries_2016.3.210/linux/compiler/lib/intel64/:/panfs/roc/intel/x86_64/2016/parallel_studio_xe_msi/compilers_and_libraries_2016.3.210/linux/mkl/lib/intel64/:/panfs/roc/intel/x86_64/2016/parallel_studio_xe_msi/compilers_and_libraries_2016.3.210/linux/tbb/lib/intel64/gcc4.4/:/panfs/roc/intel/x86_64/2016/parallel_studio_xe_msi/compilers_and_libraries_2016.3.210/linux/daal/lib/intel64_lin/:/panfs/roc/intel/x86_64/2016/parallel_studio_xe_msi/compilers_and_libraries_2016.3.210/linux/daal/../compiler/lib/intel64_lin/:/panfs/roc/itascasoft/opencv/3.1.0/lib/:/panfs/roc/itascasoft/gcc/6.1.0/lib64/:/panfs/roc/itascasoft/isl/0.16.1_gcc6.1.0/lib/:/panfs/roc/itascasoft/mpc/1.0.3_gcc6.1.0/lib/:/panfs/roc/itascasoft/mpfr/3.1.4-p1_gcc6.1.0/lib/:/panfs/roc/itascasoft/gmp/6.1.0_gcc6.1.0/lib/:/panfs/roc/itascasoft/gcc/6.1.0/lib/gcc/x86_64-pc-linux-gnu/6.1.0/../../../:/lib/:/usr/lib/]
  ignore line: [COLLECT_GCC_OPTIONS='-v' '-o' 'cmTC_38c9c' '-rdynamic' '-mtune=generic' '-march=x86-64']
  link line: [ /panfs/roc/itascasoft/gcc/6.1.0/libexec/gcc/x86_64-pc-linux-gnu/6.1.0/collect2 --eh-frame-hdr -m elf_x86_64 -export-dynamic -dynamic-linker /lib64/ld-linux-x86-64.so.2 -o cmTC_38c9c /usr/lib/../lib64/crt1.o /usr/lib/../lib64/crti.o /panfs/roc/itascasoft/gcc/6.1.0/lib/gcc/x86_64-pc-linux-gnu/6.1.0/crtbegin.o -L/panfs/roc/itascasoft/gcc/6.1.0/lib64/../lib64 -L/panfs/roc/itascasoft/gcc/6.1.0/lib/gcc/x86_64-pc-linux-gnu/6.1.0 -L/panfs/roc/itascasoft/gcc/6.1.0/lib/gcc/x86_64-pc-linux-gnu/6.1.0/../../../../lib64 -L/lib/../lib64 -L/usr/lib/../lib64 -L/panfs/roc/itascasoft/glog/0.3.4_intel2016update3/lib -L/panfs/roc/intel/x86_64/2016/parallel_studio_xe_msi/compilers_and_libraries_2016.3.210/linux/ipp/lib/intel64 -L/panfs/roc/intel/x86_64/2016/parallel_studio_xe_msi/compilers_and_libraries_2016.3.210/linux/compiler/lib/intel64 -L/panfs/roc/intel/x86_64/2016/parallel_studio_xe_msi/compilers_and_libraries_2016.3.210/linux/mkl/lib/intel64 -L/panfs/roc/intel/x86_64/2016/parallel_studio_xe_msi/compilers_and_libraries_2016.3.210/linux/tbb/lib/intel64/gcc4.4 -L/panfs/roc/intel/x86_64/2016/parallel_studio_xe_msi/compilers_and_libraries_2016.3.210/linux/daal/lib/intel64_lin -L/panfs/roc/intel/x86_64/2016/parallel_studio_xe_msi/compilers_and_libraries_2016.3.210/linux/daal/../compiler/lib/intel64_lin -L/panfs/roc/itascasoft/opencv/3.1.0/lib -L/panfs/roc/itascasoft/gcc/6.1.0/lib64 -L/panfs/roc/itascasoft/isl/0.16.1_gcc6.1.0/lib -L/panfs/roc/itascasoft/mpc/1.0.3_gcc6.1.0/lib -L/panfs/roc/itascasoft/mpfr/3.1.4-p1_gcc6.1.0/lib -L/panfs/roc/itascasoft/gmp/6.1.0_gcc6.1.0/lib -L/panfs/roc/itascasoft/gcc/6.1.0/lib/gcc/x86_64-pc-linux-gnu/6.1.0/../../.. CMakeFiles/cmTC_38c9c.dir/CMakeCCompilerABI.c.o -lgcc --as-needed -lgcc_s --no-as-needed -lc -lgcc --as-needed -lgcc_s --no-as-needed /panfs/roc/itascasoft/gcc/6.1.0/lib/gcc/x86_64-pc-linux-gnu/6.1.0/crtend.o /usr/lib/../lib64/crtn.o]
    arg [/panfs/roc/itascasoft/gcc/6.1.0/libexec/gcc/x86_64-pc-linux-gnu/6.1.0/collect2] ==> ignore
    arg [--eh-frame-hdr] ==> ignore
    arg [-m] ==> ignore
    arg [elf_x86_64] ==> ignore
    arg [-export-dynamic] ==> ignore
    arg [-dynamic-linker] ==> ignore
    arg [/lib64/ld-linux-x86-64.so.2] ==> ignore
    arg [-o] ==> ignore
    arg [cmTC_38c9c] ==> ignore
    arg [/usr/lib/../lib64/crt1.o] ==> ignore
    arg [/usr/lib/../lib64/crti.o] ==> ignore
    arg [/panfs/roc/itascasoft/gcc/6.1.0/lib/gcc/x86_64-pc-linux-gnu/6.1.0/crtbegin.o] ==> ignore
    arg [-L/panfs/roc/itascasoft/gcc/6.1.0/lib64/../lib64] ==> dir [/panfs/roc/itascasoft/gcc/6.1.0/lib64/../lib64]
    arg [-L/panfs/roc/itascasoft/gcc/6.1.0/lib/gcc/x86_64-pc-linux-gnu/6.1.0] ==> dir [/panfs/roc/itascasoft/gcc/6.1.0/lib/gcc/x86_64-pc-linux-gnu/6.1.0]
    arg [-L/panfs/roc/itascasoft/gcc/6.1.0/lib/gcc/x86_64-pc-linux-gnu/6.1.0/../../../../lib64] ==> dir [/panfs/roc/itascasoft/gcc/6.1.0/lib/gcc/x86_64-pc-linux-gnu/6.1.0/../../../../lib64]
    arg [-L/lib/../lib64] ==> dir [/lib/../lib64]
    arg [-L/usr/lib/../lib64] ==> dir [/usr/lib/../lib64]
    arg [-L/panfs/roc/itascasoft/glog/0.3.4_intel2016update3/lib] ==> dir [/panfs/roc/itascasoft/glog/0.3.4_intel2016update3/lib]
    arg [-L/panfs/roc/intel/x86_64/2016/parallel_studio_xe_msi/compilers_and_libraries_2016.3.210/linux/ipp/lib/intel64] ==> dir [/panfs/roc/intel/x86_64/2016/parallel_studio_xe_msi/compilers_and_libraries_2016.3.210/linux/ipp/lib/intel64]
    arg [-L/panfs/roc/intel/x86_64/2016/parallel_studio_xe_msi/compilers_and_libraries_2016.3.210/linux/compiler/lib/intel64] ==> dir [/panfs/roc/intel/x86_64/2016/parallel_studio_xe_msi/compilers_and_libraries_2016.3.210/linux/compiler/lib/intel64]
    arg [-L/panfs/roc/intel/x86_64/2016/parallel_studio_xe_msi/compilers_and_libraries_2016.3.210/linux/mkl/lib/intel64] ==> dir [/panfs/roc/intel/x86_64/2016/parallel_studio_xe_msi/compilers_and_libraries_2016.3.210/linux/mkl/lib/intel64]
    arg [-L/panfs/roc/intel/x86_64/2016/parallel_studio_xe_msi/compilers_and_libraries_2016.3.210/linux/tbb/lib/intel64/gcc4.4] ==> dir [/panfs/roc/intel/x86_64/2016/parallel_studio_xe_msi/compilers_and_libraries_2016.3.210/linux/tbb/lib/intel64/gcc4.4]
    arg [-L/panfs/roc/intel/x86_64/2016/parallel_studio_xe_msi/compilers_and_libraries_2016.3.210/linux/daal/lib/intel64_lin] ==> dir [/panfs/roc/intel/x86_64/2016/parallel_studio_xe_msi/compilers_and_libraries_2016.3.210/linux/daal/lib/intel64_lin]
    arg [-L/panfs/roc/intel/x86_64/2016/parallel_studio_xe_msi/compilers_and_libraries_2016.3.210/linux/daal/../compiler/lib/intel64_lin] ==> dir [/panfs/roc/intel/x86_64/2016/parallel_studio_xe_msi/compilers_and_libraries_2016.3.210/linux/daal/../compiler/lib/intel64_lin]
    arg [-L/panfs/roc/itascasoft/opencv/3.1.0/lib] ==> dir [/panfs/roc/itascasoft/opencv/3.1.0/lib]
    arg [-L/panfs/roc/itascasoft/gcc/6.1.0/lib64] ==> dir [/panfs/roc/itascasoft/gcc/6.1.0/lib64]
    arg [-L/panfs/roc/itascasoft/isl/0.16.1_gcc6.1.0/lib] ==> dir [/panfs/roc/itascasoft/isl/0.16.1_gcc6.1.0/lib]
    arg [-L/panfs/roc/itascasoft/mpc/1.0.3_gcc6.1.0/lib] ==> dir [/panfs/roc/itascasoft/mpc/1.0.3_gcc6.1.0/lib]
    arg [-L/panfs/roc/itascasoft/mpfr/3.1.4-p1_gcc6.1.0/lib] ==> dir [/panfs/roc/itascasoft/mpfr/3.1.4-p1_gcc6.1.0/lib]
    arg [-L/panfs/roc/itascasoft/gmp/6.1.0_gcc6.1.0/lib] ==> dir [/panfs/roc/itascasoft/gmp/6.1.0_gcc6.1.0/lib]
    arg [-L/panfs/roc/itascasoft/gcc/6.1.0/lib/gcc/x86_64-pc-linux-gnu/6.1.0/../../..] ==> dir [/panfs/roc/itascasoft/gcc/6.1.0/lib/gcc/x86_64-pc-linux-gnu/6.1.0/../../..]
    arg [CMakeFiles/cmTC_38c9c.dir/CMakeCCompilerABI.c.o] ==> ignore
    arg [-lgcc] ==> lib [gcc]
    arg [--as-needed] ==> ignore
    arg [-lgcc_s] ==> lib [gcc_s]
    arg [--no-as-needed] ==> ignore
    arg [-lc] ==> lib [c]
    arg [-lgcc] ==> lib [gcc]
    arg [--as-needed] ==> ignore
    arg [-lgcc_s] ==> lib [gcc_s]
    arg [--no-as-needed] ==> ignore
    arg [/panfs/roc/itascasoft/gcc/6.1.0/lib/gcc/x86_64-pc-linux-gnu/6.1.0/crtend.o] ==> ignore
    arg [/usr/lib/../lib64/crtn.o] ==> ignore
  remove lib [gcc]
  remove lib [gcc_s]
  remove lib [gcc]
  remove lib [gcc_s]
  collapse library dir [/panfs/roc/itascasoft/gcc/6.1.0/lib64/../lib64] ==> [/panfs/roc/itascasoft/gcc/6.1.0/lib64]
  collapse library dir [/panfs/roc/itascasoft/gcc/6.1.0/lib/gcc/x86_64-pc-linux-gnu/6.1.0] ==> [/panfs/roc/itascasoft/gcc/6.1.0/lib/gcc/x86_64-pc-linux-gnu/6.1.0]
  collapse library dir [/panfs/roc/itascasoft/gcc/6.1.0/lib/gcc/x86_64-pc-linux-gnu/6.1.0/../../../../lib64] ==> [/panfs/roc/itascasoft/gcc/6.1.0/lib64]
  collapse library dir [/lib/../lib64] ==> [/lib64]
  collapse library dir [/usr/lib/../lib64] ==> [/usr/lib64]
  collapse library dir [/panfs/roc/itascasoft/glog/0.3.4_intel2016update3/lib] ==> [/panfs/roc/itascasoft/glog/0.3.4_intel2016update3/lib]
  collapse library dir [/panfs/roc/intel/x86_64/2016/parallel_studio_xe_msi/compilers_and_libraries_2016.3.210/linux/ipp/lib/intel64] ==> [/panfs/roc/intel/x86_64/2016/parallel_studio_xe_msi/compilers_and_libraries_2016.3.210/linux/ipp/lib/intel64]
  collapse library dir [/panfs/roc/intel/x86_64/2016/parallel_studio_xe_msi/compilers_and_libraries_2016.3.210/linux/compiler/lib/intel64] ==> [/panfs/roc/intel/x86_64/2016/parallel_studio_xe_msi/compilers_and_libraries_2016.3.210/linux/compiler/lib/intel64]
  collapse library dir [/panfs/roc/intel/x86_64/2016/parallel_studio_xe_msi/compilers_and_libraries_2016.3.210/linux/mkl/lib/intel64] ==> [/panfs/roc/intel/x86_64/2016/parallel_studio_xe_msi/compilers_and_libraries_2016.3.210/linux/mkl/lib/intel64]
  collapse library dir [/panfs/roc/intel/x86_64/2016/parallel_studio_xe_msi/compilers_and_libraries_2016.3.210/linux/tbb/lib/intel64/gcc4.4] ==> [/panfs/roc/intel/x86_64/2016/parallel_studio_xe_msi/compilers_and_libraries_2016.3.210/linux/tbb/lib/intel64/gcc4.4]
  collapse library dir [/panfs/roc/intel/x86_64/2016/parallel_studio_xe_msi/compilers_and_libraries_2016.3.210/linux/daal/lib/intel64_lin] ==> [/panfs/roc/intel/x86_64/2016/parallel_studio_xe_msi/compilers_and_libraries_2016.3.210/linux/daal/lib/intel64_lin]
  collapse library dir [/panfs/roc/intel/x86_64/2016/parallel_studio_xe_msi/compilers_and_libraries_2016.3.210/linux/daal/../compiler/lib/intel64_lin] ==> [/panfs/roc/intel/x86_64/2016/parallel_studio_xe_msi/compilers_and_libraries_2016.3.210/linux/compiler/lib/intel64_lin]
  collapse library dir [/panfs/roc/itascasoft/opencv/3.1.0/lib] ==> [/panfs/roc/itascasoft/opencv/3.1.0/lib]
  collapse library dir [/panfs/roc/itascasoft/gcc/6.1.0/lib64] ==> [/panfs/roc/itascasoft/gcc/6.1.0/lib64]
  collapse library dir [/panfs/roc/itascasoft/isl/0.16.1_gcc6.1.0/lib] ==> [/panfs/roc/itascasoft/isl/0.16.1_gcc6.1.0/lib]
  collapse library dir [/panfs/roc/itascasoft/mpc/1.0.3_gcc6.1.0/lib] ==> [/panfs/roc/itascasoft/mpc/1.0.3_gcc6.1.0/lib]
  collapse library dir [/panfs/roc/itascasoft/mpfr/3.1.4-p1_gcc6.1.0/lib] ==> [/panfs/roc/itascasoft/mpfr/3.1.4-p1_gcc6.1.0/lib]
  collapse library dir [/panfs/roc/itascasoft/gmp/6.1.0_gcc6.1.0/lib] ==> [/panfs/roc/itascasoft/gmp/6.1.0_gcc6.1.0/lib]
  collapse library dir [/panfs/roc/itascasoft/gcc/6.1.0/lib/gcc/x86_64-pc-linux-gnu/6.1.0/../../..] ==> [/panfs/roc/itascasoft/gcc/6.1.0/lib]
  implicit libs: [c]
  implicit dirs: [/panfs/roc/itascasoft/gcc/6.1.0/lib64;/panfs/roc/itascasoft/gcc/6.1.0/lib/gcc/x86_64-pc-linux-gnu/6.1.0;/lib64;/usr/lib64;/panfs/roc/itascasoft/glog/0.3.4_intel2016update3/lib;/panfs/roc/intel/x86_64/2016/parallel_studio_xe_msi/compilers_and_libraries_2016.3.210/linux/ipp/lib/intel64;/panfs/roc/intel/x86_64/2016/parallel_studio_xe_msi/compilers_and_libraries_2016.3.210/linux/compiler/lib/intel64;/panfs/roc/intel/x86_64/2016/parallel_studio_xe_msi/compilers_and_libraries_2016.3.210/linux/mkl/lib/intel64;/panfs/roc/intel/x86_64/2016/parallel_studio_xe_msi/compilers_and_libraries_2016.3.210/linux/tbb/lib/intel64/gcc4.4;/panfs/roc/intel/x86_64/2016/parallel_studio_xe_msi/compilers_and_libraries_2016.3.210/linux/daal/lib/intel64_lin;/panfs/roc/intel/x86_64/2016/parallel_studio_xe_msi/compilers_and_libraries_2016.3.210/linux/compiler/lib/intel64_lin;/panfs/roc/itascasoft/opencv/3.1.0/lib;/panfs/roc/itascasoft/isl/0.16.1_gcc6.1.0/lib;/panfs/roc/itascasoft/mpc/1.0.3_gcc6.1.0/lib;/panfs/roc/itascasoft/mpfr/3.1.4-p1_gcc6.1.0/lib;/panfs/roc/itascasoft/gmp/6.1.0_gcc6.1.0/lib;/panfs/roc/itascasoft/gcc/6.1.0/lib]
  implicit fwks: []




Detecting C [-std=c11] compiler features compiled with the following output:
Change Dir: /home/hspark/hspark/code/Reconstruction_ceres_gopro3/build/CMakeFiles/CMakeTmp

Run Build Command:"/usr/bin/gmake" "cmTC_28f65/fast"
/usr/bin/gmake -f CMakeFiles/cmTC_28f65.dir/build.make CMakeFiles/cmTC_28f65.dir/build
gmake[1]: Entering directory `/panfs/roc/groups/3/hspark/hspark/code/Reconstruction_ceres_gopro3/build/CMakeFiles/CMakeTmp'
Building C object CMakeFiles/cmTC_28f65.dir/feature_tests.c.o
/panfs/roc/itascasoft/gcc/6.1.0/bin/gcc    -std=c11 -o CMakeFiles/cmTC_28f65.dir/feature_tests.c.o   -c /home/hspark/hspark/code/Reconstruction_ceres_gopro3/build/CMakeFiles/feature_tests.c
Linking C executable cmTC_28f65
/panfs/roc/itascasoft/cmake/3.5.2/bin/cmake -E cmake_link_script CMakeFiles/cmTC_28f65.dir/link.txt --verbose=1
/panfs/roc/itascasoft/gcc/6.1.0/bin/gcc       CMakeFiles/cmTC_28f65.dir/feature_tests.c.o  -o cmTC_28f65 -rdynamic 
gmake[1]: Leaving directory `/panfs/roc/groups/3/hspark/hspark/code/Reconstruction_ceres_gopro3/build/CMakeFiles/CMakeTmp'


    Feature record: C_FEATURE:1c_function_prototypes
    Feature record: C_FEATURE:1c_restrict
    Feature record: C_FEATURE:1c_static_assert
    Feature record: C_FEATURE:1c_variadic_macros


Detecting C [-std=c99] compiler features compiled with the following output:
Change Dir: /home/hspark/hspark/code/Reconstruction_ceres_gopro3/build/CMakeFiles/CMakeTmp

Run Build Command:"/usr/bin/gmake" "cmTC_98640/fast"
/usr/bin/gmake -f CMakeFiles/cmTC_98640.dir/build.make CMakeFiles/cmTC_98640.dir/build
gmake[1]: Entering directory `/panfs/roc/groups/3/hspark/hspark/code/Reconstruction_ceres_gopro3/build/CMakeFiles/CMakeTmp'
Building C object CMakeFiles/cmTC_98640.dir/feature_tests.c.o
/panfs/roc/itascasoft/gcc/6.1.0/bin/gcc    -std=c99 -o CMakeFiles/cmTC_98640.dir/feature_tests.c.o   -c /home/hspark/hspark/code/Reconstruction_ceres_gopro3/build/CMakeFiles/feature_tests.c
Linking C executable cmTC_98640
/panfs/roc/itascasoft/cmake/3.5.2/bin/cmake -E cmake_link_script CMakeFiles/cmTC_98640.dir/link.txt --verbose=1
/panfs/roc/itascasoft/gcc/6.1.0/bin/gcc       CMakeFiles/cmTC_98640.dir/feature_tests.c.o  -o cmTC_98640 -rdynamic 
gmake[1]: Leaving directory `/panfs/roc/groups/3/hspark/hspark/code/Reconstruction_ceres_gopro3/build/CMakeFiles/CMakeTmp'


    Feature record: C_FEATURE:1c_function_prototypes
    Feature record: C_FEATURE:1c_restrict
    Feature record: C_FEATURE:0c_static_assert
    Feature record: C_FEATURE:1c_variadic_macros


Detecting C [-std=c90] compiler features compiled with the following output:
Change Dir: /home/hspark/hspark/code/Reconstruction_ceres_gopro3/build/CMakeFiles/CMakeTmp

Run Build Command:"/usr/bin/gmake" "cmTC_89125/fast"
/usr/bin/gmake -f CMakeFiles/cmTC_89125.dir/build.make CMakeFiles/cmTC_89125.dir/build
gmake[1]: Entering directory `/panfs/roc/groups/3/hspark/hspark/code/Reconstruction_ceres_gopro3/build/CMakeFiles/CMakeTmp'
Building C object CMakeFiles/cmTC_89125.dir/feature_tests.c.o
/panfs/roc/itascasoft/gcc/6.1.0/bin/gcc    -std=c90 -o CMakeFiles/cmTC_89125.dir/feature_tests.c.o   -c /home/hspark/hspark/code/Reconstruction_ceres_gopro3/build/CMakeFiles/feature_tests.c
Linking C executable cmTC_89125
/panfs/roc/itascasoft/cmake/3.5.2/bin/cmake -E cmake_link_script CMakeFiles/cmTC_89125.dir/link.txt --verbose=1
/panfs/roc/itascasoft/gcc/6.1.0/bin/gcc       CMakeFiles/cmTC_89125.dir/feature_tests.c.o  -o cmTC_89125 -rdynamic 
gmake[1]: Leaving directory `/panfs/roc/groups/3/hspark/hspark/code/Reconstruction_ceres_gopro3/build/CMakeFiles/CMakeTmp'


    Feature record: C_FEATURE:1c_function_prototypes
    Feature record: C_FEATURE:0c_restrict
    Feature record: C_FEATURE:0c_static_assert
    Feature record: C_FEATURE:0c_variadic_macros
Determining if the CXX compiler works passed with the following output:
Change Dir: /home/hspark/hspark/code/Reconstruction_ceres_gopro3/build/CMakeFiles/CMakeTmp

Run Build Command:"/usr/bin/gmake" "cmTC_a18bb/fast"
/usr/bin/gmake -f CMakeFiles/cmTC_a18bb.dir/build.make CMakeFiles/cmTC_a18bb.dir/build
gmake[1]: Entering directory `/panfs/roc/groups/3/hspark/hspark/code/Reconstruction_ceres_gopro3/build/CMakeFiles/CMakeTmp'
Building CXX object CMakeFiles/cmTC_a18bb.dir/testCXXCompiler.cxx.o
/panfs/roc/itascasoft/gcc/6.1.0/bin/g++      -o CMakeFiles/cmTC_a18bb.dir/testCXXCompiler.cxx.o -c /home/hspark/hspark/code/Reconstruction_ceres_gopro3/build/CMakeFiles/CMakeTmp/testCXXCompiler.cxx
Linking CXX executable cmTC_a18bb
/panfs/roc/itascasoft/cmake/3.5.2/bin/cmake -E cmake_link_script CMakeFiles/cmTC_a18bb.dir/link.txt --verbose=1
/panfs/roc/itascasoft/gcc/6.1.0/bin/g++        CMakeFiles/cmTC_a18bb.dir/testCXXCompiler.cxx.o  -o cmTC_a18bb -rdynamic 
gmake[1]: Leaving directory `/panfs/roc/groups/3/hspark/hspark/code/Reconstruction_ceres_gopro3/build/CMakeFiles/CMakeTmp'


Detecting CXX compiler ABI info compiled with the following output:
Change Dir: /home/hspark/hspark/code/Reconstruction_ceres_gopro3/build/CMakeFiles/CMakeTmp

Run Build Command:"/usr/bin/gmake" "cmTC_3cd7a/fast"
/usr/bin/gmake -f CMakeFiles/cmTC_3cd7a.dir/build.make CMakeFiles/cmTC_3cd7a.dir/build
gmake[1]: Entering directory `/panfs/roc/groups/3/hspark/hspark/code/Reconstruction_ceres_gopro3/build/CMakeFiles/CMakeTmp'
Building CXX object CMakeFiles/cmTC_3cd7a.dir/CMakeCXXCompilerABI.cpp.o
/panfs/roc/itascasoft/gcc/6.1.0/bin/g++      -o CMakeFiles/cmTC_3cd7a.dir/CMakeCXXCompilerABI.cpp.o -c /panfs/roc/itascasoft/cmake/3.5.2/share/cmake-3.5/Modules/CMakeCXXCompilerABI.cpp
Linking CXX executable cmTC_3cd7a
/panfs/roc/itascasoft/cmake/3.5.2/bin/cmake -E cmake_link_script CMakeFiles/cmTC_3cd7a.dir/link.txt --verbose=1
/panfs/roc/itascasoft/gcc/6.1.0/bin/g++       -v CMakeFiles/cmTC_3cd7a.dir/CMakeCXXCompilerABI.cpp.o  -o cmTC_3cd7a -rdynamic  
Using built-in specs.
COLLECT_GCC=/panfs/roc/itascasoft/gcc/6.1.0/bin/g++
COLLECT_LTO_WRAPPER=/panfs/roc/itascasoft/gcc/6.1.0/libexec/gcc/x86_64-pc-linux-gnu/6.1.0/lto-wrapper
Target: x86_64-pc-linux-gnu
Configured with: ./configure --prefix=/panfs/roc/itascasoft/gcc/6.1.0 --with-gmp=/panfs/roc/itascasoft/gmp/6.1.0_gcc6.1.0 --with-mpfr=/panfs/roc/itascasoft/mpfr/3.1.4-p1_gcc6.1.0 --with-mpc=/panfs/roc/itascasoft/mpc/1.0.3_gcc6.1.0 --with-isl=/panfs/roc/itascasoft/isl/0.16.1_gcc6.1.0 --enable-bootstrap --disable-multilib
Thread model: posix
gcc version 6.1.0 (GCC) 
COMPILER_PATH=/panfs/roc/itascasoft/gcc/6.1.0/libexec/gcc/x86_64-pc-linux-gnu/6.1.0/:/panfs/roc/itascasoft/gcc/6.1.0/libexec/gcc/x86_64-pc-linux-gnu/6.1.0/:/panfs/roc/itascasoft/gcc/6.1.0/libexec/gcc/x86_64-pc-linux-gnu/:/panfs/roc/itascasoft/gcc/6.1.0/lib/gcc/x86_64-pc-linux-gnu/6.1.0/:/panfs/roc/itascasoft/gcc/6.1.0/lib/gcc/x86_64-pc-linux-gnu/
LIBRARY_PATH=/panfs/roc/itascasoft/gcc/6.1.0/lib64/../lib64/:/panfs/roc/itascasoft/gcc/6.1.0/lib/gcc/x86_64-pc-linux-gnu/6.1.0/:/panfs/roc/itascasoft/gcc/6.1.0/lib/gcc/x86_64-pc-linux-gnu/6.1.0/../../../../lib64/:/lib/../lib64/:/usr/lib/../lib64/:/panfs/roc/itascasoft/glog/0.3.4_intel2016update3/lib/:/panfs/roc/intel/x86_64/2016/parallel_studio_xe_msi/compilers_and_libraries_2016.3.210/linux/ipp/lib/intel64/:/panfs/roc/intel/x86_64/2016/parallel_studio_xe_msi/compilers_and_libraries_2016.3.210/linux/compiler/lib/intel64/:/panfs/roc/intel/x86_64/2016/parallel_studio_xe_msi/compilers_and_libraries_2016.3.210/linux/mkl/lib/intel64/:/panfs/roc/intel/x86_64/2016/parallel_studio_xe_msi/compilers_and_libraries_2016.3.210/linux/tbb/lib/intel64/gcc4.4/:/panfs/roc/intel/x86_64/2016/parallel_studio_xe_msi/compilers_and_libraries_2016.3.210/linux/daal/lib/intel64_lin/:/panfs/roc/intel/x86_64/2016/parallel_studio_xe_msi/compilers_and_libraries_2016.3.210/linux/daal/../compiler/lib/intel64_lin/:/panfs/roc/itascasoft/opencv/3.1.0/lib/:/panfs/roc/itascasoft/gcc/6.1.0/lib64/:/panfs/roc/itascasoft/isl/0.16.1_gcc6.1.0/lib/:/panfs/roc/itascasoft/mpc/1.0.3_gcc6.1.0/lib/:/panfs/roc/itascasoft/mpfr/3.1.4-p1_gcc6.1.0/lib/:/panfs/roc/itascasoft/gmp/6.1.0_gcc6.1.0/lib/:/panfs/roc/itascasoft/gcc/6.1.0/lib/gcc/x86_64-pc-linux-gnu/6.1.0/../../../:/lib/:/usr/lib/
COLLECT_GCC_OPTIONS='-v' '-o' 'cmTC_3cd7a' '-rdynamic' '-shared-libgcc' '-mtune=generic' '-march=x86-64'
 /panfs/roc/itascasoft/gcc/6.1.0/libexec/gcc/x86_64-pc-linux-gnu/6.1.0/collect2 --eh-frame-hdr -m elf_x86_64 -export-dynamic -dynamic-linker /lib64/ld-linux-x86-64.so.2 -o cmTC_3cd7a /usr/lib/../lib64/crt1.o /usr/lib/../lib64/crti.o /panfs/roc/itascasoft/gcc/6.1.0/lib/gcc/x86_64-pc-linux-gnu/6.1.0/crtbegin.o -L/panfs/roc/itascasoft/gcc/6.1.0/lib64/../lib64 -L/panfs/roc/itascasoft/gcc/6.1.0/lib/gcc/x86_64-pc-linux-gnu/6.1.0 -L/panfs/roc/itascasoft/gcc/6.1.0/lib/gcc/x86_64-pc-linux-gnu/6.1.0/../../../../lib64 -L/lib/../lib64 -L/usr/lib/../lib64 -L/panfs/roc/itascasoft/glog/0.3.4_intel2016update3/lib -L/panfs/roc/intel/x86_64/2016/parallel_studio_xe_msi/compilers_and_libraries_2016.3.210/linux/ipp/lib/intel64 -L/panfs/roc/intel/x86_64/2016/parallel_studio_xe_msi/compilers_and_libraries_2016.3.210/linux/compiler/lib/intel64 -L/panfs/roc/intel/x86_64/2016/parallel_studio_xe_msi/compilers_and_libraries_2016.3.210/linux/mkl/lib/intel64 -L/panfs/roc/intel/x86_64/2016/parallel_studio_xe_msi/compilers_and_libraries_2016.3.210/linux/tbb/lib/intel64/gcc4.4 -L/panfs/roc/intel/x86_64/2016/parallel_studio_xe_msi/compilers_and_libraries_2016.3.210/linux/daal/lib/intel64_lin -L/panfs/roc/intel/x86_64/2016/parallel_studio_xe_msi/compilers_and_libraries_2016.3.210/linux/daal/../compiler/lib/intel64_lin -L/panfs/roc/itascasoft/opencv/3.1.0/lib -L/panfs/roc/itascasoft/gcc/6.1.0/lib64 -L/panfs/roc/itascasoft/isl/0.16.1_gcc6.1.0/lib -L/panfs/roc/itascasoft/mpc/1.0.3_gcc6.1.0/lib -L/panfs/roc/itascasoft/mpfr/3.1.4-p1_gcc6.1.0/lib -L/panfs/roc/itascasoft/gmp/6.1.0_gcc6.1.0/lib -L/panfs/roc/itascasoft/gcc/6.1.0/lib/gcc/x86_64-pc-linux-gnu/6.1.0/../../.. CMakeFiles/cmTC_3cd7a.dir/CMakeCXXCompilerABI.cpp.o -lstdc++ -lm -lgcc_s -lgcc -lc -lgcc_s -lgcc /panfs/roc/itascasoft/gcc/6.1.0/lib/gcc/x86_64-pc-linux-gnu/6.1.0/crtend.o /usr/lib/../lib64/crtn.o
COLLECT_GCC_OPTIONS='-v' '-o' 'cmTC_3cd7a' '-rdynamic' '-shared-libgcc' '-mtune=generic' '-march=x86-64'
gmake[1]: Leaving directory `/panfs/roc/groups/3/hspark/hspark/code/Reconstruction_ceres_gopro3/build/CMakeFiles/CMakeTmp'


Parsed CXX implicit link information from above output:
  link line regex: [^( *|.*[/\])(ld|([^/\]+-)?ld|collect2)[^/\]*( |$)]
  ignore line: [Change Dir: /home/hspark/hspark/code/Reconstruction_ceres_gopro3/build/CMakeFiles/CMakeTmp]
  ignore line: []
  ignore line: [Run Build Command:"/usr/bin/gmake" "cmTC_3cd7a/fast"]
  ignore line: [/usr/bin/gmake -f CMakeFiles/cmTC_3cd7a.dir/build.make CMakeFiles/cmTC_3cd7a.dir/build]
  ignore line: [gmake[1]: Entering directory `/panfs/roc/groups/3/hspark/hspark/code/Reconstruction_ceres_gopro3/build/CMakeFiles/CMakeTmp']
  ignore line: [Building CXX object CMakeFiles/cmTC_3cd7a.dir/CMakeCXXCompilerABI.cpp.o]
  ignore line: [/panfs/roc/itascasoft/gcc/6.1.0/bin/g++      -o CMakeFiles/cmTC_3cd7a.dir/CMakeCXXCompilerABI.cpp.o -c /panfs/roc/itascasoft/cmake/3.5.2/share/cmake-3.5/Modules/CMakeCXXCompilerABI.cpp]
  ignore line: [Linking CXX executable cmTC_3cd7a]
  ignore line: [/panfs/roc/itascasoft/cmake/3.5.2/bin/cmake -E cmake_link_script CMakeFiles/cmTC_3cd7a.dir/link.txt --verbose=1]
  ignore line: [/panfs/roc/itascasoft/gcc/6.1.0/bin/g++       -v CMakeFiles/cmTC_3cd7a.dir/CMakeCXXCompilerABI.cpp.o  -o cmTC_3cd7a -rdynamic  ]
  ignore line: [Using built-in specs.]
  ignore line: [COLLECT_GCC=/panfs/roc/itascasoft/gcc/6.1.0/bin/g++]
  ignore line: [COLLECT_LTO_WRAPPER=/panfs/roc/itascasoft/gcc/6.1.0/libexec/gcc/x86_64-pc-linux-gnu/6.1.0/lto-wrapper]
  ignore line: [Target: x86_64-pc-linux-gnu]
  ignore line: [Configured with: ./configure --prefix=/panfs/roc/itascasoft/gcc/6.1.0 --with-gmp=/panfs/roc/itascasoft/gmp/6.1.0_gcc6.1.0 --with-mpfr=/panfs/roc/itascasoft/mpfr/3.1.4-p1_gcc6.1.0 --with-mpc=/panfs/roc/itascasoft/mpc/1.0.3_gcc6.1.0 --with-isl=/panfs/roc/itascasoft/isl/0.16.1_gcc6.1.0 --enable-bootstrap --disable-multilib]
  ignore line: [Thread model: posix]
  ignore line: [gcc version 6.1.0 (GCC) ]
  ignore line: [COMPILER_PATH=/panfs/roc/itascasoft/gcc/6.1.0/libexec/gcc/x86_64-pc-linux-gnu/6.1.0/:/panfs/roc/itascasoft/gcc/6.1.0/libexec/gcc/x86_64-pc-linux-gnu/6.1.0/:/panfs/roc/itascasoft/gcc/6.1.0/libexec/gcc/x86_64-pc-linux-gnu/:/panfs/roc/itascasoft/gcc/6.1.0/lib/gcc/x86_64-pc-linux-gnu/6.1.0/:/panfs/roc/itascasoft/gcc/6.1.0/lib/gcc/x86_64-pc-linux-gnu/]
  ignore line: [LIBRARY_PATH=/panfs/roc/itascasoft/gcc/6.1.0/lib64/../lib64/:/panfs/roc/itascasoft/gcc/6.1.0/lib/gcc/x86_64-pc-linux-gnu/6.1.0/:/panfs/roc/itascasoft/gcc/6.1.0/lib/gcc/x86_64-pc-linux-gnu/6.1.0/../../../../lib64/:/lib/../lib64/:/usr/lib/../lib64/:/panfs/roc/itascasoft/glog/0.3.4_intel2016update3/lib/:/panfs/roc/intel/x86_64/2016/parallel_studio_xe_msi/compilers_and_libraries_2016.3.210/linux/ipp/lib/intel64/:/panfs/roc/intel/x86_64/2016/parallel_studio_xe_msi/compilers_and_libraries_2016.3.210/linux/compiler/lib/intel64/:/panfs/roc/intel/x86_64/2016/parallel_studio_xe_msi/compilers_and_libraries_2016.3.210/linux/mkl/lib/intel64/:/panfs/roc/intel/x86_64/2016/parallel_studio_xe_msi/compilers_and_libraries_2016.3.210/linux/tbb/lib/intel64/gcc4.4/:/panfs/roc/intel/x86_64/2016/parallel_studio_xe_msi/compilers_and_libraries_2016.3.210/linux/daal/lib/intel64_lin/:/panfs/roc/intel/x86_64/2016/parallel_studio_xe_msi/compilers_and_libraries_2016.3.210/linux/daal/../compiler/lib/intel64_lin/:/panfs/roc/itascasoft/opencv/3.1.0/lib/:/panfs/roc/itascasoft/gcc/6.1.0/lib64/:/panfs/roc/itascasoft/isl/0.16.1_gcc6.1.0/lib/:/panfs/roc/itascasoft/mpc/1.0.3_gcc6.1.0/lib/:/panfs/roc/itascasoft/mpfr/3.1.4-p1_gcc6.1.0/lib/:/panfs/roc/itascasoft/gmp/6.1.0_gcc6.1.0/lib/:/panfs/roc/itascasoft/gcc/6.1.0/lib/gcc/x86_64-pc-linux-gnu/6.1.0/../../../:/lib/:/usr/lib/]
  ignore line: [COLLECT_GCC_OPTIONS='-v' '-o' 'cmTC_3cd7a' '-rdynamic' '-shared-libgcc' '-mtune=generic' '-march=x86-64']
  link line: [ /panfs/roc/itascasoft/gcc/6.1.0/libexec/gcc/x86_64-pc-linux-gnu/6.1.0/collect2 --eh-frame-hdr -m elf_x86_64 -export-dynamic -dynamic-linker /lib64/ld-linux-x86-64.so.2 -o cmTC_3cd7a /usr/lib/../lib64/crt1.o /usr/lib/../lib64/crti.o /panfs/roc/itascasoft/gcc/6.1.0/lib/gcc/x86_64-pc-linux-gnu/6.1.0/crtbegin.o -L/panfs/roc/itascasoft/gcc/6.1.0/lib64/../lib64 -L/panfs/roc/itascasoft/gcc/6.1.0/lib/gcc/x86_64-pc-linux-gnu/6.1.0 -L/panfs/roc/itascasoft/gcc/6.1.0/lib/gcc/x86_64-pc-linux-gnu/6.1.0/../../../../lib64 -L/lib/../lib64 -L/usr/lib/../lib64 -L/panfs/roc/itascasoft/glog/0.3.4_intel2016update3/lib -L/panfs/roc/intel/x86_64/2016/parallel_studio_xe_msi/compilers_and_libraries_2016.3.210/linux/ipp/lib/intel64 -L/panfs/roc/intel/x86_64/2016/parallel_studio_xe_msi/compilers_and_libraries_2016.3.210/linux/compiler/lib/intel64 -L/panfs/roc/intel/x86_64/2016/parallel_studio_xe_msi/compilers_and_libraries_2016.3.210/linux/mkl/lib/intel64 -L/panfs/roc/intel/x86_64/2016/parallel_studio_xe_msi/compilers_and_libraries_2016.3.210/linux/tbb/lib/intel64/gcc4.4 -L/panfs/roc/intel/x86_64/2016/parallel_studio_xe_msi/compilers_and_libraries_2016.3.210/linux/daal/lib/intel64_lin -L/panfs/roc/intel/x86_64/2016/parallel_studio_xe_msi/compilers_and_libraries_2016.3.210/linux/daal/../compiler/lib/intel64_lin -L/panfs/roc/itascasoft/opencv/3.1.0/lib -L/panfs/roc/itascasoft/gcc/6.1.0/lib64 -L/panfs/roc/itascasoft/isl/0.16.1_gcc6.1.0/lib -L/panfs/roc/itascasoft/mpc/1.0.3_gcc6.1.0/lib -L/panfs/roc/itascasoft/mpfr/3.1.4-p1_gcc6.1.0/lib -L/panfs/roc/itascasoft/gmp/6.1.0_gcc6.1.0/lib -L/panfs/roc/itascasoft/gcc/6.1.0/lib/gcc/x86_64-pc-linux-gnu/6.1.0/../../.. CMakeFiles/cmTC_3cd7a.dir/CMakeCXXCompilerABI.cpp.o -lstdc++ -lm -lgcc_s -lgcc -lc -lgcc_s -lgcc /panfs/roc/itascasoft/gcc/6.1.0/lib/gcc/x86_64-pc-linux-gnu/6.1.0/crtend.o /usr/lib/../lib64/crtn.o]
    arg [/panfs/roc/itascasoft/gcc/6.1.0/libexec/gcc/x86_64-pc-linux-gnu/6.1.0/collect2] ==> ignore
    arg [--eh-frame-hdr] ==> ignore
    arg [-m] ==> ignore
    arg [elf_x86_64] ==> ignore
    arg [-export-dynamic] ==> ignore
    arg [-dynamic-linker] ==> ignore
    arg [/lib64/ld-linux-x86-64.so.2] ==> ignore
    arg [-o] ==> ignore
    arg [cmTC_3cd7a] ==> ignore
    arg [/usr/lib/../lib64/crt1.o] ==> ignore
    arg [/usr/lib/../lib64/crti.o] ==> ignore
    arg [/panfs/roc/itascasoft/gcc/6.1.0/lib/gcc/x86_64-pc-linux-gnu/6.1.0/crtbegin.o] ==> ignore
    arg [-L/panfs/roc/itascasoft/gcc/6.1.0/lib64/../lib64] ==> dir [/panfs/roc/itascasoft/gcc/6.1.0/lib64/../lib64]
    arg [-L/panfs/roc/itascasoft/gcc/6.1.0/lib/gcc/x86_64-pc-linux-gnu/6.1.0] ==> dir [/panfs/roc/itascasoft/gcc/6.1.0/lib/gcc/x86_64-pc-linux-gnu/6.1.0]
    arg [-L/panfs/roc/itascasoft/gcc/6.1.0/lib/gcc/x86_64-pc-linux-gnu/6.1.0/../../../../lib64] ==> dir [/panfs/roc/itascasoft/gcc/6.1.0/lib/gcc/x86_64-pc-linux-gnu/6.1.0/../../../../lib64]
    arg [-L/lib/../lib64] ==> dir [/lib/../lib64]
    arg [-L/usr/lib/../lib64] ==> dir [/usr/lib/../lib64]
    arg [-L/panfs/roc/itascasoft/glog/0.3.4_intel2016update3/lib] ==> dir [/panfs/roc/itascasoft/glog/0.3.4_intel2016update3/lib]
    arg [-L/panfs/roc/intel/x86_64/2016/parallel_studio_xe_msi/compilers_and_libraries_2016.3.210/linux/ipp/lib/intel64] ==> dir [/panfs/roc/intel/x86_64/2016/parallel_studio_xe_msi/compilers_and_libraries_2016.3.210/linux/ipp/lib/intel64]
    arg [-L/panfs/roc/intel/x86_64/2016/parallel_studio_xe_msi/compilers_and_libraries_2016.3.210/linux/compiler/lib/intel64] ==> dir [/panfs/roc/intel/x86_64/2016/parallel_studio_xe_msi/compilers_and_libraries_2016.3.210/linux/compiler/lib/intel64]
    arg [-L/panfs/roc/intel/x86_64/2016/parallel_studio_xe_msi/compilers_and_libraries_2016.3.210/linux/mkl/lib/intel64] ==> dir [/panfs/roc/intel/x86_64/2016/parallel_studio_xe_msi/compilers_and_libraries_2016.3.210/linux/mkl/lib/intel64]
    arg [-L/panfs/roc/intel/x86_64/2016/parallel_studio_xe_msi/compilers_and_libraries_2016.3.210/linux/tbb/lib/intel64/gcc4.4] ==> dir [/panfs/roc/intel/x86_64/2016/parallel_studio_xe_msi/compilers_and_libraries_2016.3.210/linux/tbb/lib/intel64/gcc4.4]
    arg [-L/panfs/roc/intel/x86_64/2016/parallel_studio_xe_msi/compilers_and_libraries_2016.3.210/linux/daal/lib/intel64_lin] ==> dir [/panfs/roc/intel/x86_64/2016/parallel_studio_xe_msi/compilers_and_libraries_2016.3.210/linux/daal/lib/intel64_lin]
    arg [-L/panfs/roc/intel/x86_64/2016/parallel_studio_xe_msi/compilers_and_libraries_2016.3.210/linux/daal/../compiler/lib/intel64_lin] ==> dir [/panfs/roc/intel/x86_64/2016/parallel_studio_xe_msi/compilers_and_libraries_2016.3.210/linux/daal/../compiler/lib/intel64_lin]
    arg [-L/panfs/roc/itascasoft/opencv/3.1.0/lib] ==> dir [/panfs/roc/itascasoft/opencv/3.1.0/lib]
    arg [-L/panfs/roc/itascasoft/gcc/6.1.0/lib64] ==> dir [/panfs/roc/itascasoft/gcc/6.1.0/lib64]
    arg [-L/panfs/roc/itascasoft/isl/0.16.1_gcc6.1.0/lib] ==> dir [/panfs/roc/itascasoft/isl/0.16.1_gcc6.1.0/lib]
    arg [-L/panfs/roc/itascasoft/mpc/1.0.3_gcc6.1.0/lib] ==> dir [/panfs/roc/itascasoft/mpc/1.0.3_gcc6.1.0/lib]
    arg [-L/panfs/roc/itascasoft/mpfr/3.1.4-p1_gcc6.1.0/lib] ==> dir [/panfs/roc/itascasoft/mpfr/3.1.4-p1_gcc6.1.0/lib]
    arg [-L/panfs/roc/itascasoft/gmp/6.1.0_gcc6.1.0/lib] ==> dir [/panfs/roc/itascasoft/gmp/6.1.0_gcc6.1.0/lib]
    arg [-L/panfs/roc/itascasoft/gcc/6.1.0/lib/gcc/x86_64-pc-linux-gnu/6.1.0/../../..] ==> dir [/panfs/roc/itascasoft/gcc/6.1.0/lib/gcc/x86_64-pc-linux-gnu/6.1.0/../../..]
    arg [CMakeFiles/cmTC_3cd7a.dir/CMakeCXXCompilerABI.cpp.o] ==> ignore
    arg [-lstdc++] ==> lib [stdc++]
    arg [-lm] ==> lib [m]
    arg [-lgcc_s] ==> lib [gcc_s]
    arg [-lgcc] ==> lib [gcc]
    arg [-lc] ==> lib [c]
    arg [-lgcc_s] ==> lib [gcc_s]
    arg [-lgcc] ==> lib [gcc]
    arg [/panfs/roc/itascasoft/gcc/6.1.0/lib/gcc/x86_64-pc-linux-gnu/6.1.0/crtend.o] ==> ignore
    arg [/usr/lib/../lib64/crtn.o] ==> ignore
  remove lib [gcc_s]
  remove lib [gcc]
  remove lib [gcc_s]
  remove lib [gcc]
  collapse library dir [/panfs/roc/itascasoft/gcc/6.1.0/lib64/../lib64] ==> [/panfs/roc/itascasoft/gcc/6.1.0/lib64]
  collapse library dir [/panfs/roc/itascasoft/gcc/6.1.0/lib/gcc/x86_64-pc-linux-gnu/6.1.0] ==> [/panfs/roc/itascasoft/gcc/6.1.0/lib/gcc/x86_64-pc-linux-gnu/6.1.0]
  collapse library dir [/panfs/roc/itascasoft/gcc/6.1.0/lib/gcc/x86_64-pc-linux-gnu/6.1.0/../../../../lib64] ==> [/panfs/roc/itascasoft/gcc/6.1.0/lib64]
  collapse library dir [/lib/../lib64] ==> [/lib64]
  collapse library dir [/usr/lib/../lib64] ==> [/usr/lib64]
  collapse library dir [/panfs/roc/itascasoft/glog/0.3.4_intel2016update3/lib] ==> [/panfs/roc/itascasoft/glog/0.3.4_intel2016update3/lib]
  collapse library dir [/panfs/roc/intel/x86_64/2016/parallel_studio_xe_msi/compilers_and_libraries_2016.3.210/linux/ipp/lib/intel64] ==> [/panfs/roc/intel/x86_64/2016/parallel_studio_xe_msi/compilers_and_libraries_2016.3.210/linux/ipp/lib/intel64]
  collapse library dir [/panfs/roc/intel/x86_64/2016/parallel_studio_xe_msi/compilers_and_libraries_2016.3.210/linux/compiler/lib/intel64] ==> [/panfs/roc/intel/x86_64/2016/parallel_studio_xe_msi/compilers_and_libraries_2016.3.210/linux/compiler/lib/intel64]
  collapse library dir [/panfs/roc/intel/x86_64/2016/parallel_studio_xe_msi/compilers_and_libraries_2016.3.210/linux/mkl/lib/intel64] ==> [/panfs/roc/intel/x86_64/2016/parallel_studio_xe_msi/compilers_and_libraries_2016.3.210/linux/mkl/lib/intel64]
  collapse library dir [/panfs/roc/intel/x86_64/2016/parallel_studio_xe_msi/compilers_and_libraries_2016.3.210/linux/tbb/lib/intel64/gcc4.4] ==> [/panfs/roc/intel/x86_64/2016/parallel_studio_xe_msi/compilers_and_libraries_2016.3.210/linux/tbb/lib/intel64/gcc4.4]
  collapse library dir [/panfs/roc/intel/x86_64/2016/parallel_studio_xe_msi/compilers_and_libraries_2016.3.210/linux/daal/lib/intel64_lin] ==> [/panfs/roc/intel/x86_64/2016/parallel_studio_xe_msi/compilers_and_libraries_2016.3.210/linux/daal/lib/intel64_lin]
  collapse library dir [/panfs/roc/intel/x86_64/2016/parallel_studio_xe_msi/compilers_and_libraries_2016.3.210/linux/daal/../compiler/lib/intel64_lin] ==> [/panfs/roc/intel/x86_64/2016/parallel_studio_xe_msi/compilers_and_libraries_2016.3.210/linux/compiler/lib/intel64_lin]
  collapse library dir [/panfs/roc/itascasoft/opencv/3.1.0/lib] ==> [/panfs/roc/itascasoft/opencv/3.1.0/lib]
  collapse library dir [/panfs/roc/itascasoft/gcc/6.1.0/lib64] ==> [/panfs/roc/itascasoft/gcc/6.1.0/lib64]
  collapse library dir [/panfs/roc/itascasoft/isl/0.16.1_gcc6.1.0/lib] ==> [/panfs/roc/itascasoft/isl/0.16.1_gcc6.1.0/lib]
  collapse library dir [/panfs/roc/itascasoft/mpc/1.0.3_gcc6.1.0/lib] ==> [/panfs/roc/itascasoft/mpc/1.0.3_gcc6.1.0/lib]
  collapse library dir [/panfs/roc/itascasoft/mpfr/3.1.4-p1_gcc6.1.0/lib] ==> [/panfs/roc/itascasoft/mpfr/3.1.4-p1_gcc6.1.0/lib]
  collapse library dir [/panfs/roc/itascasoft/gmp/6.1.0_gcc6.1.0/lib] ==> [/panfs/roc/itascasoft/gmp/6.1.0_gcc6.1.0/lib]
  collapse library dir [/panfs/roc/itascasoft/gcc/6.1.0/lib/gcc/x86_64-pc-linux-gnu/6.1.0/../../..] ==> [/panfs/roc/itascasoft/gcc/6.1.0/lib]
  implicit libs: [stdc++;m;c]
  implicit dirs: [/panfs/roc/itascasoft/gcc/6.1.0/lib64;/panfs/roc/itascasoft/gcc/6.1.0/lib/gcc/x86_64-pc-linux-gnu/6.1.0;/lib64;/usr/lib64;/panfs/roc/itascasoft/glog/0.3.4_intel2016update3/lib;/panfs/roc/intel/x86_64/2016/parallel_studio_xe_msi/compilers_and_libraries_2016.3.210/linux/ipp/lib/intel64;/panfs/roc/intel/x86_64/2016/parallel_studio_xe_msi/compilers_and_libraries_2016.3.210/linux/compiler/lib/intel64;/panfs/roc/intel/x86_64/2016/parallel_studio_xe_msi/compilers_and_libraries_2016.3.210/linux/mkl/lib/intel64;/panfs/roc/intel/x86_64/2016/parallel_studio_xe_msi/compilers_and_libraries_2016.3.210/linux/tbb/lib/intel64/gcc4.4;/panfs/roc/intel/x86_64/2016/parallel_studio_xe_msi/compilers_and_libraries_2016.3.210/linux/daal/lib/intel64_lin;/panfs/roc/intel/x86_64/2016/parallel_studio_xe_msi/compilers_and_libraries_2016.3.210/linux/compiler/lib/intel64_lin;/panfs/roc/itascasoft/opencv/3.1.0/lib;/panfs/roc/itascasoft/isl/0.16.1_gcc6.1.0/lib;/panfs/roc/itascasoft/mpc/1.0.3_gcc6.1.0/lib;/panfs/roc/itascasoft/mpfr/3.1.4-p1_gcc6.1.0/lib;/panfs/roc/itascasoft/gmp/6.1.0_gcc6.1.0/lib;/panfs/roc/itascasoft/gcc/6.1.0/lib]
  implicit fwks: []




Detecting CXX [-std=c++14] compiler features compiled with the following output:
Change Dir: /home/hspark/hspark/code/Reconstruction_ceres_gopro3/build/CMakeFiles/CMakeTmp

Run Build Command:"/usr/bin/gmake" "cmTC_a9c9d/fast"
/usr/bin/gmake -f CMakeFiles/cmTC_a9c9d.dir/build.make CMakeFiles/cmTC_a9c9d.dir/build
gmake[1]: Entering directory `/panfs/roc/groups/3/hspark/hspark/code/Reconstruction_ceres_gopro3/build/CMakeFiles/CMakeTmp'
Building CXX object CMakeFiles/cmTC_a9c9d.dir/feature_tests.cxx.o
/panfs/roc/itascasoft/gcc/6.1.0/bin/g++     -std=c++14 -o CMakeFiles/cmTC_a9c9d.dir/feature_tests.cxx.o -c /home/hspark/hspark/code/Reconstruction_ceres_gopro3/build/CMakeFiles/feature_tests.cxx
Linking CXX executable cmTC_a9c9d
/panfs/roc/itascasoft/cmake/3.5.2/bin/cmake -E cmake_link_script CMakeFiles/cmTC_a9c9d.dir/link.txt --verbose=1
/panfs/roc/itascasoft/gcc/6.1.0/bin/g++        CMakeFiles/cmTC_a9c9d.dir/feature_tests.cxx.o  -o cmTC_a9c9d -rdynamic 
gmake[1]: Leaving directory `/panfs/roc/groups/3/hspark/hspark/code/Reconstruction_ceres_gopro3/build/CMakeFiles/CMakeTmp'


    Feature record: CXX_FEATURE:1cxx_aggregate_default_initializers
    Feature record: CXX_FEATURE:1cxx_alias_templates
    Feature record: CXX_FEATURE:1cxx_alignas
    Feature record: CXX_FEATURE:1cxx_alignof
    Feature record: CXX_FEATURE:1cxx_attributes
    Feature record: CXX_FEATURE:1cxx_attribute_deprecated
    Feature record: CXX_FEATURE:1cxx_auto_type
    Feature record: CXX_FEATURE:1cxx_binary_literals
    Feature record: CXX_FEATURE:1cxx_constexpr
    Feature record: CXX_FEATURE:1cxx_contextual_conversions
    Feature record: CXX_FEATURE:1cxx_decltype
    Feature record: CXX_FEATURE:1cxx_decltype_auto
    Feature record: CXX_FEATURE:1cxx_decltype_incomplete_return_types
    Feature record: CXX_FEATURE:1cxx_default_function_template_args
    Feature record: CXX_FEATURE:1cxx_defaulted_functions
    Feature record: CXX_FEATURE:1cxx_defaulted_move_initializers
    Feature record: CXX_FEATURE:1cxx_delegating_constructors
    Feature record: CXX_FEATURE:1cxx_deleted_functions
    Feature record: CXX_FEATURE:1cxx_digit_separators
    Feature record: CXX_FEATURE:1cxx_enum_forward_declarations
    Feature record: CXX_FEATURE:1cxx_explicit_conversions
    Feature record: CXX_FEATURE:1cxx_extended_friend_declarations
    Feature record: CXX_FEATURE:1cxx_extern_templates
    Feature record: CXX_FEATURE:1cxx_final
    Feature record: CXX_FEATURE:1cxx_func_identifier
    Feature record: CXX_FEATURE:1cxx_generalized_initializers
    Feature record: CXX_FEATURE:1cxx_generic_lambdas
    Feature record: CXX_FEATURE:1cxx_inheriting_constructors
    Feature record: CXX_FEATURE:1cxx_inline_namespaces
    Feature record: CXX_FEATURE:1cxx_lambdas
    Feature record: CXX_FEATURE:1cxx_lambda_init_captures
    Feature record: CXX_FEATURE:1cxx_local_type_template_args
    Feature record: CXX_FEATURE:1cxx_long_long_type
    Feature record: CXX_FEATURE:1cxx_noexcept
    Feature record: CXX_FEATURE:1cxx_nonstatic_member_init
    Feature record: CXX_FEATURE:1cxx_nullptr
    Feature record: CXX_FEATURE:1cxx_override
    Feature record: CXX_FEATURE:1cxx_range_for
    Feature record: CXX_FEATURE:1cxx_raw_string_literals
    Feature record: CXX_FEATURE:1cxx_reference_qualified_functions
    Feature record: CXX_FEATURE:1cxx_relaxed_constexpr
    Feature record: CXX_FEATURE:1cxx_return_type_deduction
    Feature record: CXX_FEATURE:1cxx_right_angle_brackets
    Feature record: CXX_FEATURE:1cxx_rvalue_references
    Feature record: CXX_FEATURE:1cxx_sizeof_member
    Feature record: CXX_FEATURE:1cxx_static_assert
    Feature record: CXX_FEATURE:1cxx_strong_enums
    Feature record: CXX_FEATURE:1cxx_template_template_parameters
    Feature record: CXX_FEATURE:1cxx_thread_local
    Feature record: CXX_FEATURE:1cxx_trailing_return_types
    Feature record: CXX_FEATURE:1cxx_unicode_literals
    Feature record: CXX_FEATURE:1cxx_uniform_initialization
    Feature record: CXX_FEATURE:1cxx_unrestricted_unions
    Feature record: CXX_FEATURE:1cxx_user_literals
    Feature record: CXX_FEATURE:1cxx_variable_templates
    Feature record: CXX_FEATURE:1cxx_variadic_macros
    Feature record: CXX_FEATURE:1cxx_variadic_templates


Detecting CXX [-std=c++11] compiler features compiled with the following output:
Change Dir: /home/hspark/hspark/code/Reconstruction_ceres_gopro3/build/CMakeFiles/CMakeTmp

Run Build Command:"/usr/bin/gmake" "cmTC_5c341/fast"
/usr/bin/gmake -f CMakeFiles/cmTC_5c341.dir/build.make CMakeFiles/cmTC_5c341.dir/build
gmake[1]: Entering directory `/panfs/roc/groups/3/hspark/hspark/code/Reconstruction_ceres_gopro3/build/CMakeFiles/CMakeTmp'
Building CXX object CMakeFiles/cmTC_5c341.dir/feature_tests.cxx.o
/panfs/roc/itascasoft/gcc/6.1.0/bin/g++     -std=c++11 -o CMakeFiles/cmTC_5c341.dir/feature_tests.cxx.o -c /home/hspark/hspark/code/Reconstruction_ceres_gopro3/build/CMakeFiles/feature_tests.cxx
Linking CXX executable cmTC_5c341
/panfs/roc/itascasoft/cmake/3.5.2/bin/cmake -E cmake_link_script CMakeFiles/cmTC_5c341.dir/link.txt --verbose=1
/panfs/roc/itascasoft/gcc/6.1.0/bin/g++        CMakeFiles/cmTC_5c341.dir/feature_tests.cxx.o  -o cmTC_5c341 -rdynamic 
gmake[1]: Leaving directory `/panfs/roc/groups/3/hspark/hspark/code/Reconstruction_ceres_gopro3/build/CMakeFiles/CMakeTmp'


    Feature record: CXX_FEATURE:0cxx_aggregate_default_initializers
    Feature record: CXX_FEATURE:1cxx_alias_templates
    Feature record: CXX_FEATURE:1cxx_alignas
    Feature record: CXX_FEATURE:1cxx_alignof
    Feature record: CXX_FEATURE:1cxx_attributes
    Feature record: CXX_FEATURE:0cxx_attribute_deprecated
    Feature record: CXX_FEATURE:1cxx_auto_type
    Feature record: CXX_FEATURE:0cxx_binary_literals
    Feature record: CXX_FEATURE:1cxx_constexpr
    Feature record: CXX_FEATURE:0cxx_contextual_conversions
    Feature record: CXX_FEATURE:1cxx_decltype
    Feature record: CXX_FEATURE:0cxx_decltype_auto
    Feature record: CXX_FEATURE:1cxx_decltype_incomplete_return_types
    Feature record: CXX_FEATURE:1cxx_default_function_template_args
    Feature record: CXX_FEATURE:1cxx_defaulted_functions
    Feature record: CXX_FEATURE:1cxx_defaulted_move_initializers
    Feature record: CXX_FEATURE:1cxx_delegating_constructors
    Feature record: CXX_FEATURE:1cxx_deleted_functions
    Feature record: CXX_FEATURE:0cxx_digit_separators
    Feature record: CXX_FEATURE:1cxx_enum_forward_declarations
    Feature record: CXX_FEATURE:1cxx_explicit_conversions
    Feature record: CXX_FEATURE:1cxx_extended_friend_declarations
    Feature record: CXX_FEATURE:1cxx_extern_templates
    Feature record: CXX_FEATURE:1cxx_final
    Feature record: CXX_FEATURE:1cxx_func_identifier
    Feature record: CXX_FEATURE:1cxx_generalized_initializers
    Feature record: CXX_FEATURE:0cxx_generic_lambdas
    Feature record: CXX_FEATURE:1cxx_inheriting_constructors
    Feature record: CXX_FEATURE:1cxx_inline_namespaces
    Feature record: CXX_FEATURE:1cxx_lambdas
    Feature record: CXX_FEATURE:0cxx_lambda_init_captures
    Feature record: CXX_FEATURE:1cxx_local_type_template_args
    Feature record: CXX_FEATURE:1cxx_long_long_type
    Feature record: CXX_FEATURE:1cxx_noexcept
    Feature record: CXX_FEATURE:1cxx_nonstatic_member_init
    Feature record: CXX_FEATURE:1cxx_nullptr
    Feature record: CXX_FEATURE:1cxx_override
    Feature record: CXX_FEATURE:1cxx_range_for
    Feature record: CXX_FEATURE:1cxx_raw_string_literals
    Feature record: CXX_FEATURE:1cxx_reference_qualified_functions
    Feature record: CXX_FEATURE:0cxx_relaxed_constexpr
    Feature record: CXX_FEATURE:0cxx_return_type_deduction
    Feature record: CXX_FEATURE:1cxx_right_angle_brackets
    Feature record: CXX_FEATURE:1cxx_rvalue_references
    Feature record: CXX_FEATURE:1cxx_sizeof_member
    Feature record: CXX_FEATURE:1cxx_static_assert
    Feature record: CXX_FEATURE:1cxx_strong_enums
    Feature record: CXX_FEATURE:1cxx_template_template_parameters
    Feature record: CXX_FEATURE:1cxx_thread_local
    Feature record: CXX_FEATURE:1cxx_trailing_return_types
    Feature record: CXX_FEATURE:1cxx_unicode_literals
    Feature record: CXX_FEATURE:1cxx_uniform_initialization
    Feature record: CXX_FEATURE:1cxx_unrestricted_unions
    Feature record: CXX_FEATURE:1cxx_user_literals
    Feature record: CXX_FEATURE:0cxx_variable_templates
    Feature record: CXX_FEATURE:1cxx_variadic_macros
    Feature record: CXX_FEATURE:1cxx_variadic_templates


Detecting CXX [-std=c++98] compiler features compiled with the following output:
Change Dir: /home/hspark/hspark/code/Reconstruction_ceres_gopro3/build/CMakeFiles/CMakeTmp

Run Build Command:"/usr/bin/gmake" "cmTC_fd690/fast"
/usr/bin/gmake -f CMakeFiles/cmTC_fd690.dir/build.make CMakeFiles/cmTC_fd690.dir/build
gmake[1]: Entering directory `/panfs/roc/groups/3/hspark/hspark/code/Reconstruction_ceres_gopro3/build/CMakeFiles/CMakeTmp'
Building CXX object CMakeFiles/cmTC_fd690.dir/feature_tests.cxx.o
/panfs/roc/itascasoft/gcc/6.1.0/bin/g++     -std=c++98 -o CMakeFiles/cmTC_fd690.dir/feature_tests.cxx.o -c /home/hspark/hspark/code/Reconstruction_ceres_gopro3/build/CMakeFiles/feature_tests.cxx
Linking CXX executable cmTC_fd690
/panfs/roc/itascasoft/cmake/3.5.2/bin/cmake -E cmake_link_script CMakeFiles/cmTC_fd690.dir/link.txt --verbose=1
/panfs/roc/itascasoft/gcc/6.1.0/bin/g++        CMakeFiles/cmTC_fd690.dir/feature_tests.cxx.o  -o cmTC_fd690 -rdynamic 
gmake[1]: Leaving directory `/panfs/roc/groups/3/hspark/hspark/code/Reconstruction_ceres_gopro3/build/CMakeFiles/CMakeTmp'


    Feature record: CXX_FEATURE:0cxx_aggregate_default_initializers
    Feature record: CXX_FEATURE:0cxx_alias_templates
    Feature record: CXX_FEATURE:0cxx_alignas
    Feature record: CXX_FEATURE:0cxx_alignof
    Feature record: CXX_FEATURE:0cxx_attributes
    Feature record: CXX_FEATURE:0cxx_attribute_deprecated
    Feature record: CXX_FEATURE:0cxx_auto_type
    Feature record: CXX_FEATURE:0cxx_binary_literals
    Feature record: CXX_FEATURE:0cxx_constexpr
    Feature record: CXX_FEATURE:0cxx_contextual_conversions
    Feature record: CXX_FEATURE:0cxx_decltype
    Feature record: CXX_FEATURE:0cxx_decltype_auto
    Feature record: CXX_FEATURE:0cxx_decltype_incomplete_return_types
    Feature record: CXX_FEATURE:0cxx_default_function_template_args
    Feature record: CXX_FEATURE:0cxx_defaulted_functions
    Feature record: CXX_FEATURE:0cxx_defaulted_move_initializers
    Feature record: CXX_FEATURE:0cxx_delegating_constructors
    Feature record: CXX_FEATURE:0cxx_deleted_functions
    Feature record: CXX_FEATURE:0cxx_digit_separators
    Feature record: CXX_FEATURE:0cxx_enum_forward_declarations
    Feature record: CXX_FEATURE:0cxx_explicit_conversions
    Feature record: CXX_FEATURE:0cxx_extended_friend_declarations
    Feature record: CXX_FEATURE:0cxx_extern_templates
    Feature record: CXX_FEATURE:0cxx_final
    Feature record: CXX_FEATURE:0cxx_func_identifier
    Feature record: CXX_FEATURE:0cxx_generalized_initializers
    Feature record: CXX_FEATURE:0cxx_generic_lambdas
    Feature record: CXX_FEATURE:0cxx_inheriting_constructors
    Feature record: CXX_FEATURE:0cxx_inline_namespaces
    Feature record: CXX_FEATURE:0cxx_lambdas
    Feature record: CXX_FEATURE:0cxx_lambda_init_captures
    Feature record: CXX_FEATURE:0cxx_local_type_template_args
    Feature record: CXX_FEATURE:0cxx_long_long_type
    Feature record: CXX_FEATURE:0cxx_noexcept
    Feature record: CXX_FEATURE:0cxx_nonstatic_member_init
    Feature record: CXX_FEATURE:0cxx_nullptr
    Feature record: CXX_FEATURE:0cxx_override
    Feature record: CXX_FEATURE:0cxx_range_for
    Feature record: CXX_FEATURE:0cxx_raw_string_literals
    Feature record: CXX_FEATURE:0cxx_reference_qualified_functions
    Feature record: CXX_FEATURE:0cxx_relaxed_constexpr
    Feature record: CXX_FEATURE:0cxx_return_type_deduction
    Feature record: CXX_FEATURE:0cxx_right_angle_brackets
    Feature record: CXX_FEATURE:0cxx_rvalue_references
    Feature record: CXX_FEATURE:0cxx_sizeof_member
    Feature record: CXX_FEATURE:0cxx_static_assert
    Feature record: CXX_FEATURE:0cxx_strong_enums
    Feature record: CXX_FEATURE:1cxx_template_template_parameters
    Feature record: CXX_FEATURE:0cxx_thread_local
    Feature record: CXX_FEATURE:0cxx_trailing_return_types
    Feature record: CXX_FEATURE:0cxx_unicode_literals
    Feature record: CXX_FEATURE:0cxx_uniform_initialization
    Feature record: CXX_FEATURE:0cxx_unrestricted_unions
    Feature record: CXX_FEATURE:0cxx_user_literals
    Feature record: CXX_FEATURE:0cxx_variable_templates
    Feature record: CXX_FEATURE:0cxx_variadic_macros
    Feature record: CXX_FEATURE:0cxx_variadic_templates
Performing C SOURCE FILE Test OpenMP_FLAG_DETECTED succeeded with the following output:
Change Dir: /home/hspark/hspark/code/Reconstruction_ceres_gopro3/build/CMakeFiles/CMakeTmp

Run Build Command:"/usr/bin/gmake" "cmTC_810b2/fast"
/usr/bin/gmake -f CMakeFiles/cmTC_810b2.dir/build.make CMakeFiles/cmTC_810b2.dir/build
gmake[1]: Entering directory `/panfs/roc/groups/3/hspark/hspark/code/Reconstruction_ceres_gopro3/build/CMakeFiles/CMakeTmp'
Building C object CMakeFiles/cmTC_810b2.dir/src.c.o
/panfs/roc/itascasoft/gcc/6.1.0/bin/gcc    -DOpenMP_FLAG_DETECTED -fopenmp   -o CMakeFiles/cmTC_810b2.dir/src.c.o   -c /home/hspark/hspark/code/Reconstruction_ceres_gopro3/build/CMakeFiles/CMakeTmp/src.c
Linking C executable cmTC_810b2
/panfs/roc/itascasoft/cmake/3.5.2/bin/cmake -E cmake_link_script CMakeFiles/cmTC_810b2.dir/link.txt --verbose=1
/panfs/roc/itascasoft/gcc/6.1.0/bin/gcc   -DOpenMP_FLAG_DETECTED -fopenmp    CMakeFiles/cmTC_810b2.dir/src.c.o  -o cmTC_810b2 -rdynamic 
gmake[1]: Leaving directory `/panfs/roc/groups/3/hspark/hspark/code/Reconstruction_ceres_gopro3/build/CMakeFiles/CMakeTmp'

Source file was:

#include <omp.h>
int main() {
#ifdef _OPENMP
  return 0;
#else
  breaks_on_purpose
#endif
}

Performing C++ SOURCE FILE Test OpenMP_FLAG_DETECTED succeeded with the following output:
Change Dir: /home/hspark/hspark/code/Reconstruction_ceres_gopro3/build/CMakeFiles/CMakeTmp

Run Build Command:"/usr/bin/gmake" "cmTC_e5afe/fast"
/usr/bin/gmake -f CMakeFiles/cmTC_e5afe.dir/build.make CMakeFiles/cmTC_e5afe.dir/build
gmake[1]: Entering directory `/panfs/roc/groups/3/hspark/hspark/code/Reconstruction_ceres_gopro3/build/CMakeFiles/CMakeTmp'
Building CXX object CMakeFiles/cmTC_e5afe.dir/src.cxx.o
/panfs/roc/itascasoft/gcc/6.1.0/bin/g++     -DOpenMP_FLAG_DETECTED -fopenmp   -o CMakeFiles/cmTC_e5afe.dir/src.cxx.o -c /home/hspark/hspark/code/Reconstruction_ceres_gopro3/build/CMakeFiles/CMakeTmp/src.cxx
Linking CXX executable cmTC_e5afe
/panfs/roc/itascasoft/cmake/3.5.2/bin/cmake -E cmake_link_script CMakeFiles/cmTC_e5afe.dir/link.txt --verbose=1
/panfs/roc/itascasoft/gcc/6.1.0/bin/g++    -DOpenMP_FLAG_DETECTED -fopenmp    CMakeFiles/cmTC_e5afe.dir/src.cxx.o  -o cmTC_e5afe -rdynamic 
gmake[1]: Leaving directory `/panfs/roc/groups/3/hspark/hspark/code/Reconstruction_ceres_gopro3/build/CMakeFiles/CMakeTmp'

Source file was:

#include <omp.h>
int main() {
#ifdef _OPENMP
  return 0;
#else
  breaks_on_purpose
#endif
}

